Simulator report for Comands
Tue Nov 11 10:52:10 2025
Quartus II Version 9.1 Build 222 10/21/2009 SJ Web Edition


---------------------
; Table of Contents ;
---------------------
  1. Legal Notice
  2. Simulator Summary
  3. Simulator Settings
  4. Simulation Waveforms
  5. |comands|lpm_rom0:inst|altsyncram:altsyncram_component|altsyncram_7p61:auto_generated|ALTSYNCRAM
  6. |comands|lpm_ram_dq0:inst1|altsyncram:altsyncram_component|altsyncram_srb1:auto_generated|ALTSYNCRAM
  7. Coverage Summary
  8. Complete 1/0-Value Coverage
  9. Missing 1-Value Coverage
 10. Missing 0-Value Coverage
 11. Simulator INI Usage
 12. Simulator Messages



----------------
; Legal Notice ;
----------------
Copyright (C) 1991-2009 Altera Corporation
Your use of Altera Corporation's design tools, logic functions 
and other software and tools, and its AMPP partner logic 
functions, and any output files from any of the foregoing 
(including device programming or simulation files), and any 
associated documentation or information are expressly subject 
to the terms and conditions of the Altera Program License 
Subscription Agreement, Altera MegaCore Function License 
Agreement, or other applicable license agreement, including, 
without limitation, that your use is for the sole purpose of 
programming logic devices manufactured by Altera and sold by 
Altera or its authorized distributors.  Please refer to the 
applicable agreement for further details.



+--------------------------------------------+
; Simulator Summary                          ;
+-----------------------------+--------------+
; Type                        ; Value        ;
+-----------------------------+--------------+
; Simulation Start Time       ; 0 ps         ;
; Simulation End Time         ; 1.0 us       ;
; Simulation Netlist Size     ; 259 nodes    ;
; Simulation Coverage         ;      62.55 % ;
; Total Number of Transitions ; 3569         ;
; Simulation Breakpoints      ; 0            ;
; Family                      ; Stratix II   ;
+-----------------------------+--------------+


+--------------------------------------------------------------------------------------------------------------------------+
; Simulator Settings                                                                                                       ;
+--------------------------------------------------------------------------------------------+-------------+---------------+
; Option                                                                                     ; Setting     ; Default Value ;
+--------------------------------------------------------------------------------------------+-------------+---------------+
; Simulation mode                                                                            ; Functional  ; Timing        ;
; Start time                                                                                 ; 0 ns        ; 0 ns          ;
; Simulation results format                                                                  ; CVWF        ;               ;
; Vector input source                                                                        ; Comands.vwf ;               ;
; Add pins automatically to simulation output waveforms                                      ; On          ; On            ;
; Check outputs                                                                              ; Off         ; Off           ;
; Report simulation coverage                                                                 ; On          ; On            ;
; Display complete 1/0 value coverage report                                                 ; On          ; On            ;
; Display missing 1-value coverage report                                                    ; On          ; On            ;
; Display missing 0-value coverage report                                                    ; On          ; On            ;
; Detect setup and hold time violations                                                      ; Off         ; Off           ;
; Detect glitches                                                                            ; Off         ; Off           ;
; Disable timing delays in Timing Simulation                                                 ; Off         ; Off           ;
; Generate Signal Activity File                                                              ; Off         ; Off           ;
; Generate VCD File for PowerPlay Power Analyzer                                             ; Off         ; Off           ;
; Group bus channels in simulation results                                                   ; Off         ; Off           ;
; Preserve fewer signal transitions to reduce memory requirements                            ; On          ; On            ;
; Trigger vector comparison with the specified mode                                          ; INPUT_EDGE  ; INPUT_EDGE    ;
; Disable setup and hold time violations detection in input registers of bi-directional pins ; Off         ; Off           ;
; Overwrite Waveform Inputs With Simulation Outputs                                          ; On          ;               ;
; Perform Glitch Filtering in Timing Simulation                                              ; Auto        ; Auto          ;
+--------------------------------------------------------------------------------------------+-------------+---------------+


+----------------------+
; Simulation Waveforms ;
+----------------------+
Waveform report data cannot be output to ASCII.
Please use Quartus II to view the waveform report data.


+--------------------------------------------------------------------------------------------------+
; |comands|lpm_rom0:inst|altsyncram:altsyncram_component|altsyncram_7p61:auto_generated|ALTSYNCRAM ;
+--------------------------------------------------------------------------------------------------+
Please refer to fitter text-based report (*.fit.rpt) to view logical memory report content in ASCII.


+------------------------------------------------------------------------------------------------------+
; |comands|lpm_ram_dq0:inst1|altsyncram:altsyncram_component|altsyncram_srb1:auto_generated|ALTSYNCRAM ;
+------------------------------------------------------------------------------------------------------+
Please refer to fitter text-based report (*.fit.rpt) to view logical memory report content in ASCII.


+--------------------------------------------------------------------+
; Coverage Summary                                                   ;
+-----------------------------------------------------+--------------+
; Type                                                ; Value        ;
+-----------------------------------------------------+--------------+
; Total coverage as a percentage                      ;      62.55 % ;
; Total nodes checked                                 ; 259          ;
; Total output ports checked                          ; 267          ;
; Total output ports with complete 1/0-value coverage ; 167          ;
; Total output ports with no 1/0-value coverage       ; 49           ;
; Total output ports with no 1-value coverage         ; 66           ;
; Total output ports with no 0-value coverage         ; 83           ;
+-----------------------------------------------------+--------------+


The following table displays output ports that toggle between 1 and 0 during simulation.
+-------------------------------------------------------------------------------------------------------------------------------------------------------------------------------------------------------------------------------------------------------------------+
; Complete 1/0-Value Coverage                                                                                                                                                                                                                                       ;
+----------------------------------------------------------------------------------------------------------------------+-------------------------------------------------------------------------------------------------------------------------+------------------+
; Node Name                                                                                                            ; Output Port Name                                                                                                        ; Output Port Type ;
+----------------------------------------------------------------------------------------------------------------------+-------------------------------------------------------------------------------------------------------------------------+------------------+
; |comands|js                                                                                                          ; |comands|js                                                                                                             ; pin_out          ;
; |comands|clk                                                                                                         ; |comands|clk                                                                                                            ; out              ;
; |comands|DB[9]                                                                                                       ; |comands|DB[9]                                                                                                          ; pin_out          ;
; |comands|DB[8]                                                                                                       ; |comands|DB[8]                                                                                                          ; pin_out          ;
; |comands|DB[7]                                                                                                       ; |comands|DB[7]                                                                                                          ; pin_out          ;
; |comands|DB[6]                                                                                                       ; |comands|DB[6]                                                                                                          ; pin_out          ;
; |comands|DB[5]                                                                                                       ; |comands|DB[5]                                                                                                          ; pin_out          ;
; |comands|DB[4]                                                                                                       ; |comands|DB[4]                                                                                                          ; pin_out          ;
; |comands|DB[3]                                                                                                       ; |comands|DB[3]                                                                                                          ; pin_out          ;
; |comands|DB[2]                                                                                                       ; |comands|DB[2]                                                                                                          ; pin_out          ;
; |comands|DB[1]                                                                                                       ; |comands|DB[1]                                                                                                          ; pin_out          ;
; |comands|DB[0]                                                                                                       ; |comands|DB[0]                                                                                                          ; pin_out          ;
; |comands|DB~0                                                                                                        ; |comands|DB~0                                                                                                           ; out0             ;
; |comands|DB~1                                                                                                        ; |comands|DB~1                                                                                                           ; out0             ;
; |comands|DB~2                                                                                                        ; |comands|DB~2                                                                                                           ; out0             ;
; |comands|DB~3                                                                                                        ; |comands|DB~3                                                                                                           ; out0             ;
; |comands|DB~4                                                                                                        ; |comands|DB~4                                                                                                           ; out0             ;
; |comands|DB~5                                                                                                        ; |comands|DB~5                                                                                                           ; out0             ;
; |comands|DB~6                                                                                                        ; |comands|DB~6                                                                                                           ; out0             ;
; |comands|DB~7                                                                                                        ; |comands|DB~7                                                                                                           ; out0             ;
; |comands|DB~8                                                                                                        ; |comands|DB~8                                                                                                           ; out0             ;
; |comands|DB~9                                                                                                        ; |comands|DB~9                                                                                                           ; out0             ;
; |comands|CB[3]                                                                                                       ; |comands|CB[3]                                                                                                          ; pin_out          ;
; |comands|CB[2]                                                                                                       ; |comands|CB[2]                                                                                                          ; pin_out          ;
; |comands|CB[1]                                                                                                       ; |comands|CB[1]                                                                                                          ; pin_out          ;
; |comands|CB[0]                                                                                                       ; |comands|CB[0]                                                                                                          ; pin_out          ;
; |comands|AB[5]                                                                                                       ; |comands|AB[5]                                                                                                          ; pin_out          ;
; |comands|AB[2]                                                                                                       ; |comands|AB[2]                                                                                                          ; pin_out          ;
; |comands|AB[1]                                                                                                       ; |comands|AB[1]                                                                                                          ; pin_out          ;
; |comands|AB[0]                                                                                                       ; |comands|AB[0]                                                                                                          ; pin_out          ;
; |comands|mov                                                                                                         ; |comands|mov                                                                                                            ; pin_out          ;
; |comands|DR[9]                                                                                                       ; |comands|DR[9]                                                                                                          ; pin_out          ;
; |comands|DR[8]                                                                                                       ; |comands|DR[8]                                                                                                          ; pin_out          ;
; |comands|DR[7]                                                                                                       ; |comands|DR[7]                                                                                                          ; pin_out          ;
; |comands|DR[6]                                                                                                       ; |comands|DR[6]                                                                                                          ; pin_out          ;
; |comands|DR[5]                                                                                                       ; |comands|DR[5]                                                                                                          ; pin_out          ;
; |comands|DR[4]                                                                                                       ; |comands|DR[4]                                                                                                          ; pin_out          ;
; |comands|DR[3]                                                                                                       ; |comands|DR[3]                                                                                                          ; pin_out          ;
; |comands|DR[2]                                                                                                       ; |comands|DR[2]                                                                                                          ; pin_out          ;
; |comands|DR[1]                                                                                                       ; |comands|DR[1]                                                                                                          ; pin_out          ;
; |comands|DR[0]                                                                                                       ; |comands|DR[0]                                                                                                          ; pin_out          ;
; |comands|eq[6]                                                                                                       ; |comands|eq[6]                                                                                                          ; pin_out          ;
; |comands|eq[5]                                                                                                       ; |comands|eq[5]                                                                                                          ; pin_out          ;
; |comands|eq[4]                                                                                                       ; |comands|eq[4]                                                                                                          ; pin_out          ;
; |comands|eq[3]                                                                                                       ; |comands|eq[3]                                                                                                          ; pin_out          ;
; |comands|eq[2]                                                                                                       ; |comands|eq[2]                                                                                                          ; pin_out          ;
; |comands|eq[1]                                                                                                       ; |comands|eq[1]                                                                                                          ; pin_out          ;
; |comands|eq[0]                                                                                                       ; |comands|eq[0]                                                                                                          ; pin_out          ;
; |comands|IR[10]                                                                                                      ; |comands|IR[10]                                                                                                         ; pin_out          ;
; |comands|IR[7]                                                                                                       ; |comands|IR[7]                                                                                                          ; pin_out          ;
; |comands|IR[6]                                                                                                       ; |comands|IR[6]                                                                                                          ; pin_out          ;
; |comands|IR[5]                                                                                                       ; |comands|IR[5]                                                                                                          ; pin_out          ;
; |comands|IR[2]                                                                                                       ; |comands|IR[2]                                                                                                          ; pin_out          ;
; |comands|IR[0]                                                                                                       ; |comands|IR[0]                                                                                                          ; pin_out          ;
; |comands|lpm_rom0:inst|altsyncram:altsyncram_component|altsyncram_7p61:auto_generated|ram_block1a0                   ; |comands|lpm_rom0:inst|altsyncram:altsyncram_component|altsyncram_7p61:auto_generated|q_a[0]                            ; portadataout0    ;
; |comands|lpm_rom0:inst|altsyncram:altsyncram_component|altsyncram_7p61:auto_generated|ram_block1a2                   ; |comands|lpm_rom0:inst|altsyncram:altsyncram_component|altsyncram_7p61:auto_generated|q_a[2]                            ; portadataout0    ;
; |comands|lpm_rom0:inst|altsyncram:altsyncram_component|altsyncram_7p61:auto_generated|ram_block1a5                   ; |comands|lpm_rom0:inst|altsyncram:altsyncram_component|altsyncram_7p61:auto_generated|q_a[5]                            ; portadataout0    ;
; |comands|lpm_rom0:inst|altsyncram:altsyncram_component|altsyncram_7p61:auto_generated|ram_block1a6                   ; |comands|lpm_rom0:inst|altsyncram:altsyncram_component|altsyncram_7p61:auto_generated|q_a[6]                            ; portadataout0    ;
; |comands|lpm_rom0:inst|altsyncram:altsyncram_component|altsyncram_7p61:auto_generated|ram_block1a7                   ; |comands|lpm_rom0:inst|altsyncram:altsyncram_component|altsyncram_7p61:auto_generated|q_a[7]                            ; portadataout0    ;
; |comands|lpm_bustri1:inst4|lpm_bustri:lpm_bustri_component|dout[7]                                                   ; |comands|lpm_bustri1:inst4|lpm_bustri:lpm_bustri_component|dout[7]                                                      ; out              ;
; |comands|lpm_bustri1:inst4|lpm_bustri:lpm_bustri_component|dout[6]                                                   ; |comands|lpm_bustri1:inst4|lpm_bustri:lpm_bustri_component|dout[6]                                                      ; out              ;
; |comands|lpm_bustri1:inst4|lpm_bustri:lpm_bustri_component|dout[5]                                                   ; |comands|lpm_bustri1:inst4|lpm_bustri:lpm_bustri_component|dout[5]                                                      ; out              ;
; |comands|lpm_bustri1:inst4|lpm_bustri:lpm_bustri_component|dout[2]                                                   ; |comands|lpm_bustri1:inst4|lpm_bustri:lpm_bustri_component|dout[2]                                                      ; out              ;
; |comands|lpm_bustri1:inst4|lpm_bustri:lpm_bustri_component|dout[0]                                                   ; |comands|lpm_bustri1:inst4|lpm_bustri:lpm_bustri_component|dout[0]                                                      ; out              ;
; |comands|GPR:inst3|lpm_mux0:inst8|lpm_mux:lpm_mux_component|mux_dpc:auto_generated|l3_w0_n0_mux_dataout~0            ; |comands|GPR:inst3|lpm_mux0:inst8|lpm_mux:lpm_mux_component|mux_dpc:auto_generated|l3_w0_n0_mux_dataout~0               ; out0             ;
; |comands|GPR:inst3|lpm_mux0:inst8|lpm_mux:lpm_mux_component|mux_dpc:auto_generated|l3_w1_n0_mux_dataout~0            ; |comands|GPR:inst3|lpm_mux0:inst8|lpm_mux:lpm_mux_component|mux_dpc:auto_generated|l3_w1_n0_mux_dataout~0               ; out0             ;
; |comands|GPR:inst3|lpm_mux0:inst8|lpm_mux:lpm_mux_component|mux_dpc:auto_generated|l3_w2_n0_mux_dataout~0            ; |comands|GPR:inst3|lpm_mux0:inst8|lpm_mux:lpm_mux_component|mux_dpc:auto_generated|l3_w2_n0_mux_dataout~0               ; out0             ;
; |comands|GPR:inst3|lpm_mux0:inst8|lpm_mux:lpm_mux_component|mux_dpc:auto_generated|l3_w3_n0_mux_dataout~0            ; |comands|GPR:inst3|lpm_mux0:inst8|lpm_mux:lpm_mux_component|mux_dpc:auto_generated|l3_w3_n0_mux_dataout~0               ; out0             ;
; |comands|GPR:inst3|lpm_mux0:inst8|lpm_mux:lpm_mux_component|mux_dpc:auto_generated|l3_w4_n0_mux_dataout~0            ; |comands|GPR:inst3|lpm_mux0:inst8|lpm_mux:lpm_mux_component|mux_dpc:auto_generated|l3_w4_n0_mux_dataout~0               ; out0             ;
; |comands|GPR:inst3|lpm_mux0:inst8|lpm_mux:lpm_mux_component|mux_dpc:auto_generated|l3_w5_n0_mux_dataout~0            ; |comands|GPR:inst3|lpm_mux0:inst8|lpm_mux:lpm_mux_component|mux_dpc:auto_generated|l3_w5_n0_mux_dataout~0               ; out0             ;
; |comands|GPR:inst3|lpm_mux0:inst8|lpm_mux:lpm_mux_component|mux_dpc:auto_generated|l3_w6_n0_mux_dataout~0            ; |comands|GPR:inst3|lpm_mux0:inst8|lpm_mux:lpm_mux_component|mux_dpc:auto_generated|l3_w6_n0_mux_dataout~0               ; out0             ;
; |comands|GPR:inst3|lpm_mux0:inst8|lpm_mux:lpm_mux_component|mux_dpc:auto_generated|l3_w7_n0_mux_dataout~0            ; |comands|GPR:inst3|lpm_mux0:inst8|lpm_mux:lpm_mux_component|mux_dpc:auto_generated|l3_w7_n0_mux_dataout~0               ; out0             ;
; |comands|GPR:inst3|lpm_mux0:inst8|lpm_mux:lpm_mux_component|mux_dpc:auto_generated|l3_w8_n0_mux_dataout~0            ; |comands|GPR:inst3|lpm_mux0:inst8|lpm_mux:lpm_mux_component|mux_dpc:auto_generated|l3_w8_n0_mux_dataout~0               ; out0             ;
; |comands|GPR:inst3|lpm_mux0:inst8|lpm_mux:lpm_mux_component|mux_dpc:auto_generated|l3_w9_n0_mux_dataout~0            ; |comands|GPR:inst3|lpm_mux0:inst8|lpm_mux:lpm_mux_component|mux_dpc:auto_generated|l3_w9_n0_mux_dataout~0               ; out0             ;
; |comands|CB:inst2|inst41                                                                                             ; |comands|CB:inst2|inst41                                                                                                ; out0             ;
; |comands|CB:inst2|inst40                                                                                             ; |comands|CB:inst2|inst40                                                                                                ; out0             ;
; |comands|CB:inst2|inst39                                                                                             ; |comands|CB:inst2|inst39                                                                                                ; out0             ;
; |comands|CB:inst2|AB[5]                                                                                              ; |comands|CB:inst2|AB[5]                                                                                                 ; out0             ;
; |comands|CB:inst2|AB[2]                                                                                              ; |comands|CB:inst2|AB[2]                                                                                                 ; out0             ;
; |comands|CB:inst2|AB[1]                                                                                              ; |comands|CB:inst2|AB[1]                                                                                                 ; out0             ;
; |comands|CB:inst2|AB[0]                                                                                              ; |comands|CB:inst2|AB[0]                                                                                                 ; out0             ;
; |comands|CB:inst2|inst19                                                                                             ; |comands|CB:inst2|inst19                                                                                                ; out0             ;
; |comands|CB:inst2|inst1                                                                                              ; |comands|CB:inst2|inst1                                                                                                 ; out0             ;
; |comands|CB:inst2|inst38                                                                                             ; |comands|CB:inst2|inst38                                                                                                ; out0             ;
; |comands|CB:inst2|inst26                                                                                             ; |comands|CB:inst2|inst26                                                                                                ; out0             ;
; |comands|CB:inst2|inst28                                                                                             ; |comands|CB:inst2|inst28                                                                                                ; out0             ;
; |comands|CB:inst2|lpm_bustri2:inst3|lpm_bustri:lpm_bustri_component|dout[0]                                          ; |comands|CB:inst2|lpm_bustri2:inst3|lpm_bustri:lpm_bustri_component|dout[0]                                             ; out              ;
; |comands|CB:inst2|lpm_bustri0:inst16|lpm_bustri:lpm_bustri_component|dout[2]                                         ; |comands|CB:inst2|lpm_bustri0:inst16|lpm_bustri:lpm_bustri_component|dout[2]                                            ; out              ;
; |comands|CB:inst2|lpm_bustri0:inst16|lpm_bustri:lpm_bustri_component|dout[0]                                         ; |comands|CB:inst2|lpm_bustri0:inst16|lpm_bustri:lpm_bustri_component|dout[0]                                            ; out              ;
; |comands|CB:inst2|lpm_counter0:inst|lpm_counter:lpm_counter_component|cntr_39j:auto_generated|counter_comb_bita0     ; |comands|CB:inst2|lpm_counter0:inst|lpm_counter:lpm_counter_component|cntr_39j:auto_generated|counter_comb_bita0        ; sumout           ;
; |comands|CB:inst2|lpm_counter0:inst|lpm_counter:lpm_counter_component|cntr_39j:auto_generated|counter_comb_bita0     ; |comands|CB:inst2|lpm_counter0:inst|lpm_counter:lpm_counter_component|cntr_39j:auto_generated|counter_comb_bita0~COUT   ; cout             ;
; |comands|CB:inst2|lpm_counter0:inst|lpm_counter:lpm_counter_component|cntr_39j:auto_generated|counter_comb_bita1     ; |comands|CB:inst2|lpm_counter0:inst|lpm_counter:lpm_counter_component|cntr_39j:auto_generated|counter_comb_bita1        ; sumout           ;
; |comands|CB:inst2|lpm_counter0:inst|lpm_counter:lpm_counter_component|cntr_39j:auto_generated|counter_comb_bita1     ; |comands|CB:inst2|lpm_counter0:inst|lpm_counter:lpm_counter_component|cntr_39j:auto_generated|counter_comb_bita1~COUT   ; cout             ;
; |comands|CB:inst2|lpm_counter0:inst|lpm_counter:lpm_counter_component|cntr_39j:auto_generated|counter_comb_bita2     ; |comands|CB:inst2|lpm_counter0:inst|lpm_counter:lpm_counter_component|cntr_39j:auto_generated|counter_comb_bita2        ; sumout           ;
; |comands|CB:inst2|lpm_counter0:inst|lpm_counter:lpm_counter_component|cntr_39j:auto_generated|counter_comb_bita2     ; |comands|CB:inst2|lpm_counter0:inst|lpm_counter:lpm_counter_component|cntr_39j:auto_generated|counter_comb_bita2~COUT   ; cout             ;
; |comands|CB:inst2|lpm_counter0:inst|lpm_counter:lpm_counter_component|cntr_39j:auto_generated|counter_comb_bita3     ; |comands|CB:inst2|lpm_counter0:inst|lpm_counter:lpm_counter_component|cntr_39j:auto_generated|counter_comb_bita3        ; sumout           ;
; |comands|CB:inst2|lpm_counter0:inst|lpm_counter:lpm_counter_component|cntr_39j:auto_generated|counter_reg_bit1a[1]   ; |comands|CB:inst2|lpm_counter0:inst|lpm_counter:lpm_counter_component|cntr_39j:auto_generated|safe_q[1]                 ; regout           ;
; |comands|CB:inst2|lpm_counter0:inst|lpm_counter:lpm_counter_component|cntr_39j:auto_generated|counter_reg_bit1a[0]   ; |comands|CB:inst2|lpm_counter0:inst|lpm_counter:lpm_counter_component|cntr_39j:auto_generated|safe_q[0]                 ; regout           ;
; |comands|CB:inst2|lpm_bustri0:inst14|lpm_bustri:lpm_bustri_component|dout[5]                                         ; |comands|CB:inst2|lpm_bustri0:inst14|lpm_bustri:lpm_bustri_component|dout[5]                                            ; out              ;
; |comands|CB:inst2|lpm_bustri0:inst14|lpm_bustri:lpm_bustri_component|dout[2]                                         ; |comands|CB:inst2|lpm_bustri0:inst14|lpm_bustri:lpm_bustri_component|dout[2]                                            ; out              ;
; |comands|CB:inst2|lpm_bustri0:inst14|lpm_bustri:lpm_bustri_component|dout[1]                                         ; |comands|CB:inst2|lpm_bustri0:inst14|lpm_bustri:lpm_bustri_component|dout[1]                                            ; out              ;
; |comands|CB:inst2|lpm_bustri0:inst14|lpm_bustri:lpm_bustri_component|dout[0]                                         ; |comands|CB:inst2|lpm_bustri0:inst14|lpm_bustri:lpm_bustri_component|dout[0]                                            ; out              ;
; |comands|CB:inst2|lpm_dff4:inst8|lpm_ff:lpm_ff_component|dffs[7]                                                     ; |comands|CB:inst2|lpm_dff4:inst8|lpm_ff:lpm_ff_component|dffs[7]                                                        ; regout           ;
; |comands|CB:inst2|lpm_dff4:inst8|lpm_ff:lpm_ff_component|dffs[6]                                                     ; |comands|CB:inst2|lpm_dff4:inst8|lpm_ff:lpm_ff_component|dffs[6]                                                        ; regout           ;
; |comands|CB:inst2|lpm_dff4:inst8|lpm_ff:lpm_ff_component|dffs[5]                                                     ; |comands|CB:inst2|lpm_dff4:inst8|lpm_ff:lpm_ff_component|dffs[5]                                                        ; regout           ;
; |comands|CB:inst2|lpm_dff4:inst8|lpm_ff:lpm_ff_component|dffs[2]                                                     ; |comands|CB:inst2|lpm_dff4:inst8|lpm_ff:lpm_ff_component|dffs[2]                                                        ; regout           ;
; |comands|CB:inst2|lpm_dff4:inst8|lpm_ff:lpm_ff_component|dffs[0]                                                     ; |comands|CB:inst2|lpm_dff4:inst8|lpm_ff:lpm_ff_component|dffs[0]                                                        ; regout           ;
; |comands|CB:inst2|lpm_dff4:inst9|lpm_ff:lpm_ff_component|dffs[9]                                                     ; |comands|CB:inst2|lpm_dff4:inst9|lpm_ff:lpm_ff_component|dffs[9]                                                        ; regout           ;
; |comands|CB:inst2|lpm_dff4:inst9|lpm_ff:lpm_ff_component|dffs[8]                                                     ; |comands|CB:inst2|lpm_dff4:inst9|lpm_ff:lpm_ff_component|dffs[8]                                                        ; regout           ;
; |comands|CB:inst2|lpm_dff4:inst9|lpm_ff:lpm_ff_component|dffs[7]                                                     ; |comands|CB:inst2|lpm_dff4:inst9|lpm_ff:lpm_ff_component|dffs[7]                                                        ; regout           ;
; |comands|CB:inst2|lpm_dff4:inst9|lpm_ff:lpm_ff_component|dffs[6]                                                     ; |comands|CB:inst2|lpm_dff4:inst9|lpm_ff:lpm_ff_component|dffs[6]                                                        ; regout           ;
; |comands|CB:inst2|lpm_dff4:inst9|lpm_ff:lpm_ff_component|dffs[5]                                                     ; |comands|CB:inst2|lpm_dff4:inst9|lpm_ff:lpm_ff_component|dffs[5]                                                        ; regout           ;
; |comands|CB:inst2|lpm_dff4:inst9|lpm_ff:lpm_ff_component|dffs[4]                                                     ; |comands|CB:inst2|lpm_dff4:inst9|lpm_ff:lpm_ff_component|dffs[4]                                                        ; regout           ;
; |comands|CB:inst2|lpm_dff4:inst9|lpm_ff:lpm_ff_component|dffs[3]                                                     ; |comands|CB:inst2|lpm_dff4:inst9|lpm_ff:lpm_ff_component|dffs[3]                                                        ; regout           ;
; |comands|CB:inst2|lpm_dff4:inst9|lpm_ff:lpm_ff_component|dffs[2]                                                     ; |comands|CB:inst2|lpm_dff4:inst9|lpm_ff:lpm_ff_component|dffs[2]                                                        ; regout           ;
; |comands|CB:inst2|lpm_dff4:inst9|lpm_ff:lpm_ff_component|dffs[1]                                                     ; |comands|CB:inst2|lpm_dff4:inst9|lpm_ff:lpm_ff_component|dffs[1]                                                        ; regout           ;
; |comands|CB:inst2|lpm_dff4:inst9|lpm_ff:lpm_ff_component|dffs[0]                                                     ; |comands|CB:inst2|lpm_dff4:inst9|lpm_ff:lpm_ff_component|dffs[0]                                                        ; regout           ;
; |comands|CB:inst2|lpm_bustri1:inst4|lpm_bustri:lpm_bustri_component|dout[9]                                          ; |comands|CB:inst2|lpm_bustri1:inst4|lpm_bustri:lpm_bustri_component|dout[9]                                             ; out              ;
; |comands|CB:inst2|lpm_bustri1:inst4|lpm_bustri:lpm_bustri_component|dout[8]                                          ; |comands|CB:inst2|lpm_bustri1:inst4|lpm_bustri:lpm_bustri_component|dout[8]                                             ; out              ;
; |comands|CB:inst2|lpm_bustri1:inst4|lpm_bustri:lpm_bustri_component|dout[7]                                          ; |comands|CB:inst2|lpm_bustri1:inst4|lpm_bustri:lpm_bustri_component|dout[7]                                             ; out              ;
; |comands|CB:inst2|lpm_bustri1:inst4|lpm_bustri:lpm_bustri_component|dout[6]                                          ; |comands|CB:inst2|lpm_bustri1:inst4|lpm_bustri:lpm_bustri_component|dout[6]                                             ; out              ;
; |comands|CB:inst2|lpm_bustri1:inst4|lpm_bustri:lpm_bustri_component|dout[5]                                          ; |comands|CB:inst2|lpm_bustri1:inst4|lpm_bustri:lpm_bustri_component|dout[5]                                             ; out              ;
; |comands|CB:inst2|lpm_bustri1:inst4|lpm_bustri:lpm_bustri_component|dout[4]                                          ; |comands|CB:inst2|lpm_bustri1:inst4|lpm_bustri:lpm_bustri_component|dout[4]                                             ; out              ;
; |comands|CB:inst2|lpm_bustri1:inst4|lpm_bustri:lpm_bustri_component|dout[3]                                          ; |comands|CB:inst2|lpm_bustri1:inst4|lpm_bustri:lpm_bustri_component|dout[3]                                             ; out              ;
; |comands|CB:inst2|lpm_bustri1:inst4|lpm_bustri:lpm_bustri_component|dout[2]                                          ; |comands|CB:inst2|lpm_bustri1:inst4|lpm_bustri:lpm_bustri_component|dout[2]                                             ; out              ;
; |comands|CB:inst2|lpm_bustri1:inst4|lpm_bustri:lpm_bustri_component|dout[1]                                          ; |comands|CB:inst2|lpm_bustri1:inst4|lpm_bustri:lpm_bustri_component|dout[1]                                             ; out              ;
; |comands|CB:inst2|lpm_bustri1:inst4|lpm_bustri:lpm_bustri_component|dout[0]                                          ; |comands|CB:inst2|lpm_bustri1:inst4|lpm_bustri:lpm_bustri_component|dout[0]                                             ; out              ;
; |comands|CB:inst2|lpm_dff4:inst10|lpm_ff:lpm_ff_component|dffs[0]                                                    ; |comands|CB:inst2|lpm_dff4:inst10|lpm_ff:lpm_ff_component|dffs[0]                                                       ; regout           ;
; |comands|CB:inst2|lpm_counter1:inst15|lpm_counter:lpm_counter_component|cntr_s3i:auto_generated|counter_comb_bita0   ; |comands|CB:inst2|lpm_counter1:inst15|lpm_counter:lpm_counter_component|cntr_s3i:auto_generated|counter_comb_bita0      ; sumout           ;
; |comands|CB:inst2|lpm_counter1:inst15|lpm_counter:lpm_counter_component|cntr_s3i:auto_generated|counter_comb_bita0   ; |comands|CB:inst2|lpm_counter1:inst15|lpm_counter:lpm_counter_component|cntr_s3i:auto_generated|counter_comb_bita0~COUT ; cout             ;
; |comands|CB:inst2|lpm_counter1:inst15|lpm_counter:lpm_counter_component|cntr_s3i:auto_generated|counter_comb_bita1   ; |comands|CB:inst2|lpm_counter1:inst15|lpm_counter:lpm_counter_component|cntr_s3i:auto_generated|counter_comb_bita1      ; sumout           ;
; |comands|CB:inst2|lpm_counter1:inst15|lpm_counter:lpm_counter_component|cntr_s3i:auto_generated|counter_comb_bita1   ; |comands|CB:inst2|lpm_counter1:inst15|lpm_counter:lpm_counter_component|cntr_s3i:auto_generated|counter_comb_bita1~COUT ; cout             ;
; |comands|CB:inst2|lpm_counter1:inst15|lpm_counter:lpm_counter_component|cntr_s3i:auto_generated|counter_comb_bita2   ; |comands|CB:inst2|lpm_counter1:inst15|lpm_counter:lpm_counter_component|cntr_s3i:auto_generated|counter_comb_bita2      ; sumout           ;
; |comands|CB:inst2|lpm_counter1:inst15|lpm_counter:lpm_counter_component|cntr_s3i:auto_generated|counter_comb_bita2   ; |comands|CB:inst2|lpm_counter1:inst15|lpm_counter:lpm_counter_component|cntr_s3i:auto_generated|counter_comb_bita2~COUT ; cout             ;
; |comands|CB:inst2|lpm_counter1:inst15|lpm_counter:lpm_counter_component|cntr_s3i:auto_generated|counter_comb_bita3   ; |comands|CB:inst2|lpm_counter1:inst15|lpm_counter:lpm_counter_component|cntr_s3i:auto_generated|counter_comb_bita3      ; sumout           ;
; |comands|CB:inst2|lpm_counter1:inst15|lpm_counter:lpm_counter_component|cntr_s3i:auto_generated|counter_reg_bit1a[3] ; |comands|CB:inst2|lpm_counter1:inst15|lpm_counter:lpm_counter_component|cntr_s3i:auto_generated|safe_q[3]               ; regout           ;
; |comands|CB:inst2|lpm_counter1:inst15|lpm_counter:lpm_counter_component|cntr_s3i:auto_generated|counter_reg_bit1a[2] ; |comands|CB:inst2|lpm_counter1:inst15|lpm_counter:lpm_counter_component|cntr_s3i:auto_generated|safe_q[2]               ; regout           ;
; |comands|CB:inst2|lpm_counter1:inst15|lpm_counter:lpm_counter_component|cntr_s3i:auto_generated|counter_reg_bit1a[1] ; |comands|CB:inst2|lpm_counter1:inst15|lpm_counter:lpm_counter_component|cntr_s3i:auto_generated|safe_q[1]               ; regout           ;
; |comands|CB:inst2|lpm_counter1:inst15|lpm_counter:lpm_counter_component|cntr_s3i:auto_generated|counter_reg_bit1a[0] ; |comands|CB:inst2|lpm_counter1:inst15|lpm_counter:lpm_counter_component|cntr_s3i:auto_generated|safe_q[0]               ; regout           ;
; |comands|CB:inst2|lpm_decode1:inst13|lpm_decode:lpm_decode_component|decode_e9f:auto_generated|w_anode21w[3]         ; |comands|CB:inst2|lpm_decode1:inst13|lpm_decode:lpm_decode_component|decode_e9f:auto_generated|w_anode21w[3]            ; out0             ;
; |comands|CB:inst2|lpm_decode1:inst13|lpm_decode:lpm_decode_component|decode_e9f:auto_generated|w_anode21w[2]         ; |comands|CB:inst2|lpm_decode1:inst13|lpm_decode:lpm_decode_component|decode_e9f:auto_generated|w_anode21w[2]            ; out0             ;
; |comands|CB:inst2|lpm_decode1:inst13|lpm_decode:lpm_decode_component|decode_e9f:auto_generated|w_anode21w[1]         ; |comands|CB:inst2|lpm_decode1:inst13|lpm_decode:lpm_decode_component|decode_e9f:auto_generated|w_anode21w[1]            ; out0             ;
; |comands|CB:inst2|lpm_decode1:inst13|lpm_decode:lpm_decode_component|decode_e9f:auto_generated|w_anode31w[3]         ; |comands|CB:inst2|lpm_decode1:inst13|lpm_decode:lpm_decode_component|decode_e9f:auto_generated|w_anode31w[3]            ; out0             ;
; |comands|CB:inst2|lpm_decode1:inst13|lpm_decode:lpm_decode_component|decode_e9f:auto_generated|w_anode31w[2]         ; |comands|CB:inst2|lpm_decode1:inst13|lpm_decode:lpm_decode_component|decode_e9f:auto_generated|w_anode31w[2]            ; out0             ;
; |comands|CB:inst2|lpm_decode1:inst13|lpm_decode:lpm_decode_component|decode_e9f:auto_generated|w_anode31w[1]         ; |comands|CB:inst2|lpm_decode1:inst13|lpm_decode:lpm_decode_component|decode_e9f:auto_generated|w_anode31w[1]            ; out0             ;
; |comands|CB:inst2|lpm_decode1:inst13|lpm_decode:lpm_decode_component|decode_e9f:auto_generated|w_anode41w[3]         ; |comands|CB:inst2|lpm_decode1:inst13|lpm_decode:lpm_decode_component|decode_e9f:auto_generated|w_anode41w[3]            ; out0             ;
; |comands|CB:inst2|lpm_decode1:inst13|lpm_decode:lpm_decode_component|decode_e9f:auto_generated|w_anode41w[2]         ; |comands|CB:inst2|lpm_decode1:inst13|lpm_decode:lpm_decode_component|decode_e9f:auto_generated|w_anode41w[2]            ; out0             ;
; |comands|CB:inst2|lpm_decode1:inst13|lpm_decode:lpm_decode_component|decode_e9f:auto_generated|w_anode41w[1]         ; |comands|CB:inst2|lpm_decode1:inst13|lpm_decode:lpm_decode_component|decode_e9f:auto_generated|w_anode41w[1]            ; out0             ;
; |comands|CB:inst2|lpm_decode1:inst13|lpm_decode:lpm_decode_component|decode_e9f:auto_generated|w_anode4w[3]          ; |comands|CB:inst2|lpm_decode1:inst13|lpm_decode:lpm_decode_component|decode_e9f:auto_generated|w_anode4w[3]             ; out0             ;
; |comands|CB:inst2|lpm_decode1:inst13|lpm_decode:lpm_decode_component|decode_e9f:auto_generated|w_anode4w[2]          ; |comands|CB:inst2|lpm_decode1:inst13|lpm_decode:lpm_decode_component|decode_e9f:auto_generated|w_anode4w[2]             ; out0             ;
; |comands|CB:inst2|lpm_decode1:inst13|lpm_decode:lpm_decode_component|decode_e9f:auto_generated|w_anode4w[1]          ; |comands|CB:inst2|lpm_decode1:inst13|lpm_decode:lpm_decode_component|decode_e9f:auto_generated|w_anode4w[1]             ; out0             ;
; |comands|CB:inst2|lpm_decode1:inst13|lpm_decode:lpm_decode_component|decode_e9f:auto_generated|w_anode51w[3]         ; |comands|CB:inst2|lpm_decode1:inst13|lpm_decode:lpm_decode_component|decode_e9f:auto_generated|w_anode51w[3]            ; out0             ;
; |comands|CB:inst2|lpm_decode1:inst13|lpm_decode:lpm_decode_component|decode_e9f:auto_generated|w_anode51w[2]         ; |comands|CB:inst2|lpm_decode1:inst13|lpm_decode:lpm_decode_component|decode_e9f:auto_generated|w_anode51w[2]            ; out0             ;
; |comands|CB:inst2|lpm_decode1:inst13|lpm_decode:lpm_decode_component|decode_e9f:auto_generated|w_anode51w[1]         ; |comands|CB:inst2|lpm_decode1:inst13|lpm_decode:lpm_decode_component|decode_e9f:auto_generated|w_anode51w[1]            ; out0             ;
; |comands|CB:inst2|lpm_decode1:inst13|lpm_decode:lpm_decode_component|decode_e9f:auto_generated|w_anode61w[3]         ; |comands|CB:inst2|lpm_decode1:inst13|lpm_decode:lpm_decode_component|decode_e9f:auto_generated|w_anode61w[3]            ; out0             ;
; |comands|CB:inst2|lpm_decode1:inst13|lpm_decode:lpm_decode_component|decode_e9f:auto_generated|w_anode61w[2]         ; |comands|CB:inst2|lpm_decode1:inst13|lpm_decode:lpm_decode_component|decode_e9f:auto_generated|w_anode61w[2]            ; out0             ;
; |comands|CB:inst2|lpm_decode1:inst13|lpm_decode:lpm_decode_component|decode_e9f:auto_generated|w_anode61w[1]         ; |comands|CB:inst2|lpm_decode1:inst13|lpm_decode:lpm_decode_component|decode_e9f:auto_generated|w_anode61w[1]            ; out0             ;
; |comands|CB:inst2|lpm_decode1:inst13|lpm_decode:lpm_decode_component|decode_e9f:auto_generated|w_anode71w[3]         ; |comands|CB:inst2|lpm_decode1:inst13|lpm_decode:lpm_decode_component|decode_e9f:auto_generated|w_anode71w[3]            ; out0             ;
; |comands|CB:inst2|lpm_decode1:inst13|lpm_decode:lpm_decode_component|decode_e9f:auto_generated|w_anode71w[2]         ; |comands|CB:inst2|lpm_decode1:inst13|lpm_decode:lpm_decode_component|decode_e9f:auto_generated|w_anode71w[2]            ; out0             ;
; |comands|CB:inst2|lpm_decode1:inst13|lpm_decode:lpm_decode_component|decode_e9f:auto_generated|w_anode71w[1]         ; |comands|CB:inst2|lpm_decode1:inst13|lpm_decode:lpm_decode_component|decode_e9f:auto_generated|w_anode71w[1]            ; out0             ;
; |comands|CB:inst2|lpm_decode2:inst2|lpm_decode:lpm_decode_component|decode_ltf:auto_generated|w_anode29w[3]          ; |comands|CB:inst2|lpm_decode2:inst2|lpm_decode:lpm_decode_component|decode_ltf:auto_generated|w_anode29w[3]             ; out0             ;
; |comands|CB:inst2|lpm_decode2:inst2|lpm_decode:lpm_decode_component|decode_ltf:auto_generated|w_anode29w[2]          ; |comands|CB:inst2|lpm_decode2:inst2|lpm_decode:lpm_decode_component|decode_ltf:auto_generated|w_anode29w[2]             ; out0             ;
; |comands|CB:inst2|lpm_decode2:inst2|lpm_decode:lpm_decode_component|decode_ltf:auto_generated|w_anode29w[1]          ; |comands|CB:inst2|lpm_decode2:inst2|lpm_decode:lpm_decode_component|decode_ltf:auto_generated|w_anode29w[1]             ; out0             ;
; |comands|CB:inst2|lpm_decode2:inst2|lpm_decode:lpm_decode_component|decode_ltf:auto_generated|w_anode39w[3]          ; |comands|CB:inst2|lpm_decode2:inst2|lpm_decode:lpm_decode_component|decode_ltf:auto_generated|w_anode39w[3]             ; out0             ;
; |comands|CB:inst2|lpm_decode2:inst2|lpm_decode:lpm_decode_component|decode_ltf:auto_generated|w_anode39w[2]          ; |comands|CB:inst2|lpm_decode2:inst2|lpm_decode:lpm_decode_component|decode_ltf:auto_generated|w_anode39w[2]             ; out0             ;
; |comands|CB:inst2|lpm_decode2:inst2|lpm_decode:lpm_decode_component|decode_ltf:auto_generated|w_anode39w[1]          ; |comands|CB:inst2|lpm_decode2:inst2|lpm_decode:lpm_decode_component|decode_ltf:auto_generated|w_anode39w[1]             ; out0             ;
; |comands|CB:inst2|lpm_decode2:inst2|lpm_decode:lpm_decode_component|decode_ltf:auto_generated|w_anode3w[1]           ; |comands|CB:inst2|lpm_decode2:inst2|lpm_decode:lpm_decode_component|decode_ltf:auto_generated|w_anode3w[1]              ; out0             ;
+----------------------------------------------------------------------------------------------------------------------+-------------------------------------------------------------------------------------------------------------------------+------------------+


The following table displays output ports that do not toggle to 1 during simulation.
+---------------------------------------------------------------------------------------------------------------------------------------------------------------------------------------------------------------------------------------------------------------+
; Missing 1-Value Coverage                                                                                                                                                                                                                                      ;
+--------------------------------------------------------------------------------------------------------------------+-----------------------------------------------------------------------------------------------------------------------+------------------+
; Node Name                                                                                                          ; Output Port Name                                                                                                      ; Output Port Type ;
+--------------------------------------------------------------------------------------------------------------------+-----------------------------------------------------------------------------------------------------------------------+------------------+
; |comands|AB[4]                                                                                                     ; |comands|AB[4]                                                                                                        ; pin_out          ;
; |comands|AB[3]                                                                                                     ; |comands|AB[3]                                                                                                        ; pin_out          ;
; |comands|init                                                                                                      ; |comands|init                                                                                                         ; pin_out          ;
; |comands|IR[19]                                                                                                    ; |comands|IR[19]                                                                                                       ; pin_out          ;
; |comands|IR[18]                                                                                                    ; |comands|IR[18]                                                                                                       ; pin_out          ;
; |comands|IR[17]                                                                                                    ; |comands|IR[17]                                                                                                       ; pin_out          ;
; |comands|IR[16]                                                                                                    ; |comands|IR[16]                                                                                                       ; pin_out          ;
; |comands|IR[15]                                                                                                    ; |comands|IR[15]                                                                                                       ; pin_out          ;
; |comands|IR[14]                                                                                                    ; |comands|IR[14]                                                                                                       ; pin_out          ;
; |comands|IR[13]                                                                                                    ; |comands|IR[13]                                                                                                       ; pin_out          ;
; |comands|IR[12]                                                                                                    ; |comands|IR[12]                                                                                                       ; pin_out          ;
; |comands|IR[11]                                                                                                    ; |comands|IR[11]                                                                                                       ; pin_out          ;
; |comands|IR[9]                                                                                                     ; |comands|IR[9]                                                                                                        ; pin_out          ;
; |comands|IR[8]                                                                                                     ; |comands|IR[8]                                                                                                        ; pin_out          ;
; |comands|IR[4]                                                                                                     ; |comands|IR[4]                                                                                                        ; pin_out          ;
; |comands|IR[3]                                                                                                     ; |comands|IR[3]                                                                                                        ; pin_out          ;
; |comands|IR[1]                                                                                                     ; |comands|IR[1]                                                                                                        ; pin_out          ;
; |comands|lpm_rom0:inst|altsyncram:altsyncram_component|altsyncram_7p61:auto_generated|ram_block1a1                 ; |comands|lpm_rom0:inst|altsyncram:altsyncram_component|altsyncram_7p61:auto_generated|q_a[1]                          ; portadataout0    ;
; |comands|lpm_rom0:inst|altsyncram:altsyncram_component|altsyncram_7p61:auto_generated|ram_block1a3                 ; |comands|lpm_rom0:inst|altsyncram:altsyncram_component|altsyncram_7p61:auto_generated|q_a[3]                          ; portadataout0    ;
; |comands|lpm_rom0:inst|altsyncram:altsyncram_component|altsyncram_7p61:auto_generated|ram_block1a4                 ; |comands|lpm_rom0:inst|altsyncram:altsyncram_component|altsyncram_7p61:auto_generated|q_a[4]                          ; portadataout0    ;
; |comands|lpm_rom0:inst|altsyncram:altsyncram_component|altsyncram_7p61:auto_generated|ram_block1a8                 ; |comands|lpm_rom0:inst|altsyncram:altsyncram_component|altsyncram_7p61:auto_generated|q_a[8]                          ; portadataout0    ;
; |comands|lpm_rom0:inst|altsyncram:altsyncram_component|altsyncram_7p61:auto_generated|ram_block1a9                 ; |comands|lpm_rom0:inst|altsyncram:altsyncram_component|altsyncram_7p61:auto_generated|q_a[9]                          ; portadataout0    ;
; |comands|lpm_bustri1:inst4|lpm_bustri:lpm_bustri_component|dout[9]                                                 ; |comands|lpm_bustri1:inst4|lpm_bustri:lpm_bustri_component|dout[9]                                                    ; out              ;
; |comands|lpm_bustri1:inst4|lpm_bustri:lpm_bustri_component|dout[8]                                                 ; |comands|lpm_bustri1:inst4|lpm_bustri:lpm_bustri_component|dout[8]                                                    ; out              ;
; |comands|lpm_bustri1:inst4|lpm_bustri:lpm_bustri_component|dout[4]                                                 ; |comands|lpm_bustri1:inst4|lpm_bustri:lpm_bustri_component|dout[4]                                                    ; out              ;
; |comands|lpm_bustri1:inst4|lpm_bustri:lpm_bustri_component|dout[3]                                                 ; |comands|lpm_bustri1:inst4|lpm_bustri:lpm_bustri_component|dout[3]                                                    ; out              ;
; |comands|lpm_bustri1:inst4|lpm_bustri:lpm_bustri_component|dout[1]                                                 ; |comands|lpm_bustri1:inst4|lpm_bustri:lpm_bustri_component|dout[1]                                                    ; out              ;
; |comands|lpm_bustri1:inst6|lpm_bustri:lpm_bustri_component|dout[9]                                                 ; |comands|lpm_bustri1:inst6|lpm_bustri:lpm_bustri_component|dout[9]                                                    ; out              ;
; |comands|lpm_bustri1:inst6|lpm_bustri:lpm_bustri_component|dout[8]                                                 ; |comands|lpm_bustri1:inst6|lpm_bustri:lpm_bustri_component|dout[8]                                                    ; out              ;
; |comands|lpm_bustri1:inst6|lpm_bustri:lpm_bustri_component|dout[7]                                                 ; |comands|lpm_bustri1:inst6|lpm_bustri:lpm_bustri_component|dout[7]                                                    ; out              ;
; |comands|lpm_bustri1:inst6|lpm_bustri:lpm_bustri_component|dout[6]                                                 ; |comands|lpm_bustri1:inst6|lpm_bustri:lpm_bustri_component|dout[6]                                                    ; out              ;
; |comands|lpm_bustri1:inst6|lpm_bustri:lpm_bustri_component|dout[5]                                                 ; |comands|lpm_bustri1:inst6|lpm_bustri:lpm_bustri_component|dout[5]                                                    ; out              ;
; |comands|lpm_bustri1:inst6|lpm_bustri:lpm_bustri_component|dout[4]                                                 ; |comands|lpm_bustri1:inst6|lpm_bustri:lpm_bustri_component|dout[4]                                                    ; out              ;
; |comands|lpm_bustri1:inst6|lpm_bustri:lpm_bustri_component|dout[3]                                                 ; |comands|lpm_bustri1:inst6|lpm_bustri:lpm_bustri_component|dout[3]                                                    ; out              ;
; |comands|lpm_bustri1:inst6|lpm_bustri:lpm_bustri_component|dout[2]                                                 ; |comands|lpm_bustri1:inst6|lpm_bustri:lpm_bustri_component|dout[2]                                                    ; out              ;
; |comands|lpm_bustri1:inst6|lpm_bustri:lpm_bustri_component|dout[1]                                                 ; |comands|lpm_bustri1:inst6|lpm_bustri:lpm_bustri_component|dout[1]                                                    ; out              ;
; |comands|lpm_bustri1:inst6|lpm_bustri:lpm_bustri_component|dout[0]                                                 ; |comands|lpm_bustri1:inst6|lpm_bustri:lpm_bustri_component|dout[0]                                                    ; out              ;
; |comands|CB:inst2|AB[4]                                                                                            ; |comands|CB:inst2|AB[4]                                                                                               ; out0             ;
; |comands|CB:inst2|AB[3]                                                                                            ; |comands|CB:inst2|AB[3]                                                                                               ; out0             ;
; |comands|CB:inst2|lpm_bustri2:inst3|lpm_bustri:lpm_bustri_component|dout[2]                                        ; |comands|CB:inst2|lpm_bustri2:inst3|lpm_bustri:lpm_bustri_component|dout[2]                                           ; out              ;
; |comands|CB:inst2|lpm_bustri2:inst3|lpm_bustri:lpm_bustri_component|dout[1]                                        ; |comands|CB:inst2|lpm_bustri2:inst3|lpm_bustri:lpm_bustri_component|dout[1]                                           ; out              ;
; |comands|CB:inst2|lpm_bustri0:inst16|lpm_bustri:lpm_bustri_component|dout[5]                                       ; |comands|CB:inst2|lpm_bustri0:inst16|lpm_bustri:lpm_bustri_component|dout[5]                                          ; out              ;
; |comands|CB:inst2|lpm_bustri0:inst16|lpm_bustri:lpm_bustri_component|dout[4]                                       ; |comands|CB:inst2|lpm_bustri0:inst16|lpm_bustri:lpm_bustri_component|dout[4]                                          ; out              ;
; |comands|CB:inst2|lpm_bustri0:inst16|lpm_bustri:lpm_bustri_component|dout[3]                                       ; |comands|CB:inst2|lpm_bustri0:inst16|lpm_bustri:lpm_bustri_component|dout[3]                                          ; out              ;
; |comands|CB:inst2|lpm_bustri0:inst16|lpm_bustri:lpm_bustri_component|dout[1]                                       ; |comands|CB:inst2|lpm_bustri0:inst16|lpm_bustri:lpm_bustri_component|dout[1]                                          ; out              ;
; |comands|CB:inst2|lpm_counter0:inst|lpm_counter:lpm_counter_component|cntr_39j:auto_generated|counter_comb_bita3   ; |comands|CB:inst2|lpm_counter0:inst|lpm_counter:lpm_counter_component|cntr_39j:auto_generated|counter_comb_bita3~COUT ; cout             ;
; |comands|CB:inst2|lpm_counter0:inst|lpm_counter:lpm_counter_component|cntr_39j:auto_generated|counter_comb_bita4   ; |comands|CB:inst2|lpm_counter0:inst|lpm_counter:lpm_counter_component|cntr_39j:auto_generated|counter_comb_bita4      ; sumout           ;
; |comands|CB:inst2|lpm_counter0:inst|lpm_counter:lpm_counter_component|cntr_39j:auto_generated|counter_comb_bita4   ; |comands|CB:inst2|lpm_counter0:inst|lpm_counter:lpm_counter_component|cntr_39j:auto_generated|counter_comb_bita4~COUT ; cout             ;
; |comands|CB:inst2|lpm_counter0:inst|lpm_counter:lpm_counter_component|cntr_39j:auto_generated|counter_reg_bit1a[4] ; |comands|CB:inst2|lpm_counter0:inst|lpm_counter:lpm_counter_component|cntr_39j:auto_generated|safe_q[4]               ; regout           ;
; |comands|CB:inst2|lpm_counter0:inst|lpm_counter:lpm_counter_component|cntr_39j:auto_generated|counter_reg_bit1a[3] ; |comands|CB:inst2|lpm_counter0:inst|lpm_counter:lpm_counter_component|cntr_39j:auto_generated|safe_q[3]               ; regout           ;
; |comands|CB:inst2|lpm_bustri0:inst14|lpm_bustri:lpm_bustri_component|dout[4]                                       ; |comands|CB:inst2|lpm_bustri0:inst14|lpm_bustri:lpm_bustri_component|dout[4]                                          ; out              ;
; |comands|CB:inst2|lpm_bustri0:inst14|lpm_bustri:lpm_bustri_component|dout[3]                                       ; |comands|CB:inst2|lpm_bustri0:inst14|lpm_bustri:lpm_bustri_component|dout[3]                                          ; out              ;
; |comands|CB:inst2|lpm_dff4:inst8|lpm_ff:lpm_ff_component|dffs[9]                                                   ; |comands|CB:inst2|lpm_dff4:inst8|lpm_ff:lpm_ff_component|dffs[9]                                                      ; regout           ;
; |comands|CB:inst2|lpm_dff4:inst8|lpm_ff:lpm_ff_component|dffs[8]                                                   ; |comands|CB:inst2|lpm_dff4:inst8|lpm_ff:lpm_ff_component|dffs[8]                                                      ; regout           ;
; |comands|CB:inst2|lpm_dff4:inst8|lpm_ff:lpm_ff_component|dffs[4]                                                   ; |comands|CB:inst2|lpm_dff4:inst8|lpm_ff:lpm_ff_component|dffs[4]                                                      ; regout           ;
; |comands|CB:inst2|lpm_dff4:inst8|lpm_ff:lpm_ff_component|dffs[3]                                                   ; |comands|CB:inst2|lpm_dff4:inst8|lpm_ff:lpm_ff_component|dffs[3]                                                      ; regout           ;
; |comands|CB:inst2|lpm_dff4:inst8|lpm_ff:lpm_ff_component|dffs[1]                                                   ; |comands|CB:inst2|lpm_dff4:inst8|lpm_ff:lpm_ff_component|dffs[1]                                                      ; regout           ;
; |comands|CB:inst2|lpm_dff4:inst10|lpm_ff:lpm_ff_component|dffs[9]                                                  ; |comands|CB:inst2|lpm_dff4:inst10|lpm_ff:lpm_ff_component|dffs[9]                                                     ; regout           ;
; |comands|CB:inst2|lpm_dff4:inst10|lpm_ff:lpm_ff_component|dffs[8]                                                  ; |comands|CB:inst2|lpm_dff4:inst10|lpm_ff:lpm_ff_component|dffs[8]                                                     ; regout           ;
; |comands|CB:inst2|lpm_dff4:inst10|lpm_ff:lpm_ff_component|dffs[7]                                                  ; |comands|CB:inst2|lpm_dff4:inst10|lpm_ff:lpm_ff_component|dffs[7]                                                     ; regout           ;
; |comands|CB:inst2|lpm_dff4:inst10|lpm_ff:lpm_ff_component|dffs[6]                                                  ; |comands|CB:inst2|lpm_dff4:inst10|lpm_ff:lpm_ff_component|dffs[6]                                                     ; regout           ;
; |comands|CB:inst2|lpm_dff4:inst10|lpm_ff:lpm_ff_component|dffs[5]                                                  ; |comands|CB:inst2|lpm_dff4:inst10|lpm_ff:lpm_ff_component|dffs[5]                                                     ; regout           ;
; |comands|CB:inst2|lpm_dff4:inst10|lpm_ff:lpm_ff_component|dffs[4]                                                  ; |comands|CB:inst2|lpm_dff4:inst10|lpm_ff:lpm_ff_component|dffs[4]                                                     ; regout           ;
; |comands|CB:inst2|lpm_dff4:inst10|lpm_ff:lpm_ff_component|dffs[3]                                                  ; |comands|CB:inst2|lpm_dff4:inst10|lpm_ff:lpm_ff_component|dffs[3]                                                     ; regout           ;
; |comands|CB:inst2|lpm_dff4:inst10|lpm_ff:lpm_ff_component|dffs[2]                                                  ; |comands|CB:inst2|lpm_dff4:inst10|lpm_ff:lpm_ff_component|dffs[2]                                                     ; regout           ;
; |comands|CB:inst2|lpm_dff4:inst10|lpm_ff:lpm_ff_component|dffs[1]                                                  ; |comands|CB:inst2|lpm_dff4:inst10|lpm_ff:lpm_ff_component|dffs[1]                                                     ; regout           ;
+--------------------------------------------------------------------------------------------------------------------+-----------------------------------------------------------------------------------------------------------------------+------------------+


The following table displays output ports that do not toggle to 0 during simulation.
+---------------------------------------------------------------------------------------------------------------------------------------------------------------------------------------------------------------------------------------------------------------+
; Missing 0-Value Coverage                                                                                                                                                                                                                                      ;
+--------------------------------------------------------------------------------------------------------------------+-----------------------------------------------------------------------------------------------------------------------+------------------+
; Node Name                                                                                                          ; Output Port Name                                                                                                      ; Output Port Type ;
+--------------------------------------------------------------------------------------------------------------------+-----------------------------------------------------------------------------------------------------------------------+------------------+
; |comands|init                                                                                                      ; |comands|init                                                                                                         ; pin_out          ;
; |comands|IR[19]                                                                                                    ; |comands|IR[19]                                                                                                       ; pin_out          ;
; |comands|IR[18]                                                                                                    ; |comands|IR[18]                                                                                                       ; pin_out          ;
; |comands|IR[17]                                                                                                    ; |comands|IR[17]                                                                                                       ; pin_out          ;
; |comands|IR[16]                                                                                                    ; |comands|IR[16]                                                                                                       ; pin_out          ;
; |comands|IR[15]                                                                                                    ; |comands|IR[15]                                                                                                       ; pin_out          ;
; |comands|IR[14]                                                                                                    ; |comands|IR[14]                                                                                                       ; pin_out          ;
; |comands|IR[13]                                                                                                    ; |comands|IR[13]                                                                                                       ; pin_out          ;
; |comands|IR[12]                                                                                                    ; |comands|IR[12]                                                                                                       ; pin_out          ;
; |comands|IR[11]                                                                                                    ; |comands|IR[11]                                                                                                       ; pin_out          ;
; |comands|IR[9]                                                                                                     ; |comands|IR[9]                                                                                                        ; pin_out          ;
; |comands|IR[8]                                                                                                     ; |comands|IR[8]                                                                                                        ; pin_out          ;
; |comands|IR[4]                                                                                                     ; |comands|IR[4]                                                                                                        ; pin_out          ;
; |comands|IR[3]                                                                                                     ; |comands|IR[3]                                                                                                        ; pin_out          ;
; |comands|IR[1]                                                                                                     ; |comands|IR[1]                                                                                                        ; pin_out          ;
; |comands|lpm_rom0:inst|altsyncram:altsyncram_component|altsyncram_7p61:auto_generated|ram_block1a1                 ; |comands|lpm_rom0:inst|altsyncram:altsyncram_component|altsyncram_7p61:auto_generated|q_a[1]                          ; portadataout0    ;
; |comands|lpm_rom0:inst|altsyncram:altsyncram_component|altsyncram_7p61:auto_generated|ram_block1a3                 ; |comands|lpm_rom0:inst|altsyncram:altsyncram_component|altsyncram_7p61:auto_generated|q_a[3]                          ; portadataout0    ;
; |comands|lpm_rom0:inst|altsyncram:altsyncram_component|altsyncram_7p61:auto_generated|ram_block1a4                 ; |comands|lpm_rom0:inst|altsyncram:altsyncram_component|altsyncram_7p61:auto_generated|q_a[4]                          ; portadataout0    ;
; |comands|lpm_rom0:inst|altsyncram:altsyncram_component|altsyncram_7p61:auto_generated|ram_block1a8                 ; |comands|lpm_rom0:inst|altsyncram:altsyncram_component|altsyncram_7p61:auto_generated|q_a[8]                          ; portadataout0    ;
; |comands|lpm_rom0:inst|altsyncram:altsyncram_component|altsyncram_7p61:auto_generated|ram_block1a9                 ; |comands|lpm_rom0:inst|altsyncram:altsyncram_component|altsyncram_7p61:auto_generated|q_a[9]                          ; portadataout0    ;
; |comands|lpm_ram_dq0:inst1|altsyncram:altsyncram_component|altsyncram_srb1:auto_generated|ram_block1a0             ; |comands|lpm_ram_dq0:inst1|altsyncram:altsyncram_component|altsyncram_srb1:auto_generated|q_a[0]                      ; portadataout0    ;
; |comands|lpm_ram_dq0:inst1|altsyncram:altsyncram_component|altsyncram_srb1:auto_generated|ram_block1a1             ; |comands|lpm_ram_dq0:inst1|altsyncram:altsyncram_component|altsyncram_srb1:auto_generated|q_a[1]                      ; portadataout0    ;
; |comands|lpm_ram_dq0:inst1|altsyncram:altsyncram_component|altsyncram_srb1:auto_generated|ram_block1a2             ; |comands|lpm_ram_dq0:inst1|altsyncram:altsyncram_component|altsyncram_srb1:auto_generated|q_a[2]                      ; portadataout0    ;
; |comands|lpm_ram_dq0:inst1|altsyncram:altsyncram_component|altsyncram_srb1:auto_generated|ram_block1a3             ; |comands|lpm_ram_dq0:inst1|altsyncram:altsyncram_component|altsyncram_srb1:auto_generated|q_a[3]                      ; portadataout0    ;
; |comands|lpm_ram_dq0:inst1|altsyncram:altsyncram_component|altsyncram_srb1:auto_generated|ram_block1a4             ; |comands|lpm_ram_dq0:inst1|altsyncram:altsyncram_component|altsyncram_srb1:auto_generated|q_a[4]                      ; portadataout0    ;
; |comands|lpm_ram_dq0:inst1|altsyncram:altsyncram_component|altsyncram_srb1:auto_generated|ram_block1a5             ; |comands|lpm_ram_dq0:inst1|altsyncram:altsyncram_component|altsyncram_srb1:auto_generated|q_a[5]                      ; portadataout0    ;
; |comands|lpm_ram_dq0:inst1|altsyncram:altsyncram_component|altsyncram_srb1:auto_generated|ram_block1a6             ; |comands|lpm_ram_dq0:inst1|altsyncram:altsyncram_component|altsyncram_srb1:auto_generated|q_a[6]                      ; portadataout0    ;
; |comands|lpm_ram_dq0:inst1|altsyncram:altsyncram_component|altsyncram_srb1:auto_generated|ram_block1a7             ; |comands|lpm_ram_dq0:inst1|altsyncram:altsyncram_component|altsyncram_srb1:auto_generated|q_a[7]                      ; portadataout0    ;
; |comands|lpm_ram_dq0:inst1|altsyncram:altsyncram_component|altsyncram_srb1:auto_generated|ram_block1a8             ; |comands|lpm_ram_dq0:inst1|altsyncram:altsyncram_component|altsyncram_srb1:auto_generated|q_a[8]                      ; portadataout0    ;
; |comands|lpm_ram_dq0:inst1|altsyncram:altsyncram_component|altsyncram_srb1:auto_generated|ram_block1a9             ; |comands|lpm_ram_dq0:inst1|altsyncram:altsyncram_component|altsyncram_srb1:auto_generated|q_a[9]                      ; portadataout0    ;
; |comands|lpm_bustri1:inst6|lpm_bustri:lpm_bustri_component|dout[9]                                                 ; |comands|lpm_bustri1:inst6|lpm_bustri:lpm_bustri_component|dout[9]                                                    ; out              ;
; |comands|lpm_bustri1:inst6|lpm_bustri:lpm_bustri_component|dout[8]                                                 ; |comands|lpm_bustri1:inst6|lpm_bustri:lpm_bustri_component|dout[8]                                                    ; out              ;
; |comands|lpm_bustri1:inst6|lpm_bustri:lpm_bustri_component|dout[7]                                                 ; |comands|lpm_bustri1:inst6|lpm_bustri:lpm_bustri_component|dout[7]                                                    ; out              ;
; |comands|lpm_bustri1:inst6|lpm_bustri:lpm_bustri_component|dout[6]                                                 ; |comands|lpm_bustri1:inst6|lpm_bustri:lpm_bustri_component|dout[6]                                                    ; out              ;
; |comands|lpm_bustri1:inst6|lpm_bustri:lpm_bustri_component|dout[5]                                                 ; |comands|lpm_bustri1:inst6|lpm_bustri:lpm_bustri_component|dout[5]                                                    ; out              ;
; |comands|lpm_bustri1:inst6|lpm_bustri:lpm_bustri_component|dout[4]                                                 ; |comands|lpm_bustri1:inst6|lpm_bustri:lpm_bustri_component|dout[4]                                                    ; out              ;
; |comands|lpm_bustri1:inst6|lpm_bustri:lpm_bustri_component|dout[3]                                                 ; |comands|lpm_bustri1:inst6|lpm_bustri:lpm_bustri_component|dout[3]                                                    ; out              ;
; |comands|lpm_bustri1:inst6|lpm_bustri:lpm_bustri_component|dout[2]                                                 ; |comands|lpm_bustri1:inst6|lpm_bustri:lpm_bustri_component|dout[2]                                                    ; out              ;
; |comands|lpm_bustri1:inst6|lpm_bustri:lpm_bustri_component|dout[1]                                                 ; |comands|lpm_bustri1:inst6|lpm_bustri:lpm_bustri_component|dout[1]                                                    ; out              ;
; |comands|lpm_bustri1:inst6|lpm_bustri:lpm_bustri_component|dout[0]                                                 ; |comands|lpm_bustri1:inst6|lpm_bustri:lpm_bustri_component|dout[0]                                                    ; out              ;
; |comands|GPR:inst3|lpm_mux0:inst8|lpm_mux:lpm_mux_component|mux_dpc:auto_generated|l3_w0_n0_mux_dataout            ; |comands|GPR:inst3|lpm_mux0:inst8|lpm_mux:lpm_mux_component|mux_dpc:auto_generated|l3_w0_n0_mux_dataout               ; out0             ;
; |comands|GPR:inst3|lpm_mux0:inst8|lpm_mux:lpm_mux_component|mux_dpc:auto_generated|l3_w1_n0_mux_dataout            ; |comands|GPR:inst3|lpm_mux0:inst8|lpm_mux:lpm_mux_component|mux_dpc:auto_generated|l3_w1_n0_mux_dataout               ; out0             ;
; |comands|GPR:inst3|lpm_mux0:inst8|lpm_mux:lpm_mux_component|mux_dpc:auto_generated|l3_w2_n0_mux_dataout            ; |comands|GPR:inst3|lpm_mux0:inst8|lpm_mux:lpm_mux_component|mux_dpc:auto_generated|l3_w2_n0_mux_dataout               ; out0             ;
; |comands|GPR:inst3|lpm_mux0:inst8|lpm_mux:lpm_mux_component|mux_dpc:auto_generated|l3_w3_n0_mux_dataout            ; |comands|GPR:inst3|lpm_mux0:inst8|lpm_mux:lpm_mux_component|mux_dpc:auto_generated|l3_w3_n0_mux_dataout               ; out0             ;
; |comands|GPR:inst3|lpm_mux0:inst8|lpm_mux:lpm_mux_component|mux_dpc:auto_generated|l3_w4_n0_mux_dataout            ; |comands|GPR:inst3|lpm_mux0:inst8|lpm_mux:lpm_mux_component|mux_dpc:auto_generated|l3_w4_n0_mux_dataout               ; out0             ;
; |comands|GPR:inst3|lpm_mux0:inst8|lpm_mux:lpm_mux_component|mux_dpc:auto_generated|l3_w5_n0_mux_dataout            ; |comands|GPR:inst3|lpm_mux0:inst8|lpm_mux:lpm_mux_component|mux_dpc:auto_generated|l3_w5_n0_mux_dataout               ; out0             ;
; |comands|GPR:inst3|lpm_mux0:inst8|lpm_mux:lpm_mux_component|mux_dpc:auto_generated|l3_w6_n0_mux_dataout            ; |comands|GPR:inst3|lpm_mux0:inst8|lpm_mux:lpm_mux_component|mux_dpc:auto_generated|l3_w6_n0_mux_dataout               ; out0             ;
; |comands|GPR:inst3|lpm_mux0:inst8|lpm_mux:lpm_mux_component|mux_dpc:auto_generated|l3_w7_n0_mux_dataout            ; |comands|GPR:inst3|lpm_mux0:inst8|lpm_mux:lpm_mux_component|mux_dpc:auto_generated|l3_w7_n0_mux_dataout               ; out0             ;
; |comands|GPR:inst3|lpm_mux0:inst8|lpm_mux:lpm_mux_component|mux_dpc:auto_generated|l3_w8_n0_mux_dataout            ; |comands|GPR:inst3|lpm_mux0:inst8|lpm_mux:lpm_mux_component|mux_dpc:auto_generated|l3_w8_n0_mux_dataout               ; out0             ;
; |comands|GPR:inst3|lpm_mux0:inst8|lpm_mux:lpm_mux_component|mux_dpc:auto_generated|l3_w9_n0_mux_dataout            ; |comands|GPR:inst3|lpm_mux0:inst8|lpm_mux:lpm_mux_component|mux_dpc:auto_generated|l3_w9_n0_mux_dataout               ; out0             ;
; |comands|GPR:inst3|lpm_bustri1:inst6|lpm_bustri:lpm_bustri_component|dout[9]                                       ; |comands|GPR:inst3|lpm_bustri1:inst6|lpm_bustri:lpm_bustri_component|dout[9]                                          ; out              ;
; |comands|GPR:inst3|lpm_bustri1:inst6|lpm_bustri:lpm_bustri_component|dout[8]                                       ; |comands|GPR:inst3|lpm_bustri1:inst6|lpm_bustri:lpm_bustri_component|dout[8]                                          ; out              ;
; |comands|GPR:inst3|lpm_bustri1:inst6|lpm_bustri:lpm_bustri_component|dout[7]                                       ; |comands|GPR:inst3|lpm_bustri1:inst6|lpm_bustri:lpm_bustri_component|dout[7]                                          ; out              ;
; |comands|GPR:inst3|lpm_bustri1:inst6|lpm_bustri:lpm_bustri_component|dout[6]                                       ; |comands|GPR:inst3|lpm_bustri1:inst6|lpm_bustri:lpm_bustri_component|dout[6]                                          ; out              ;
; |comands|GPR:inst3|lpm_bustri1:inst6|lpm_bustri:lpm_bustri_component|dout[5]                                       ; |comands|GPR:inst3|lpm_bustri1:inst6|lpm_bustri:lpm_bustri_component|dout[5]                                          ; out              ;
; |comands|GPR:inst3|lpm_bustri1:inst6|lpm_bustri:lpm_bustri_component|dout[4]                                       ; |comands|GPR:inst3|lpm_bustri1:inst6|lpm_bustri:lpm_bustri_component|dout[4]                                          ; out              ;
; |comands|GPR:inst3|lpm_bustri1:inst6|lpm_bustri:lpm_bustri_component|dout[3]                                       ; |comands|GPR:inst3|lpm_bustri1:inst6|lpm_bustri:lpm_bustri_component|dout[3]                                          ; out              ;
; |comands|GPR:inst3|lpm_bustri1:inst6|lpm_bustri:lpm_bustri_component|dout[2]                                       ; |comands|GPR:inst3|lpm_bustri1:inst6|lpm_bustri:lpm_bustri_component|dout[2]                                          ; out              ;
; |comands|GPR:inst3|lpm_bustri1:inst6|lpm_bustri:lpm_bustri_component|dout[1]                                       ; |comands|GPR:inst3|lpm_bustri1:inst6|lpm_bustri:lpm_bustri_component|dout[1]                                          ; out              ;
; |comands|GPR:inst3|lpm_bustri1:inst6|lpm_bustri:lpm_bustri_component|dout[0]                                       ; |comands|GPR:inst3|lpm_bustri1:inst6|lpm_bustri:lpm_bustri_component|dout[0]                                          ; out              ;
; |comands|CB:inst2|inst7                                                                                            ; |comands|CB:inst2|inst7                                                                                               ; regout           ;
; |comands|CB:inst2|lpm_counter0:inst|lpm_counter:lpm_counter_component|cntr_39j:auto_generated|counter_comb_bita3   ; |comands|CB:inst2|lpm_counter0:inst|lpm_counter:lpm_counter_component|cntr_39j:auto_generated|counter_comb_bita3~COUT ; cout             ;
; |comands|CB:inst2|lpm_counter0:inst|lpm_counter:lpm_counter_component|cntr_39j:auto_generated|counter_comb_bita4   ; |comands|CB:inst2|lpm_counter0:inst|lpm_counter:lpm_counter_component|cntr_39j:auto_generated|counter_comb_bita4      ; sumout           ;
; |comands|CB:inst2|lpm_counter0:inst|lpm_counter:lpm_counter_component|cntr_39j:auto_generated|counter_comb_bita4   ; |comands|CB:inst2|lpm_counter0:inst|lpm_counter:lpm_counter_component|cntr_39j:auto_generated|counter_comb_bita4~COUT ; cout             ;
; |comands|CB:inst2|lpm_counter0:inst|lpm_counter:lpm_counter_component|cntr_39j:auto_generated|counter_comb_bita5   ; |comands|CB:inst2|lpm_counter0:inst|lpm_counter:lpm_counter_component|cntr_39j:auto_generated|counter_comb_bita5      ; sumout           ;
; |comands|CB:inst2|lpm_counter0:inst|lpm_counter:lpm_counter_component|cntr_39j:auto_generated|counter_reg_bit1a[5] ; |comands|CB:inst2|lpm_counter0:inst|lpm_counter:lpm_counter_component|cntr_39j:auto_generated|safe_q[5]               ; regout           ;
; |comands|CB:inst2|lpm_counter0:inst|lpm_counter:lpm_counter_component|cntr_39j:auto_generated|counter_reg_bit1a[4] ; |comands|CB:inst2|lpm_counter0:inst|lpm_counter:lpm_counter_component|cntr_39j:auto_generated|safe_q[4]               ; regout           ;
; |comands|CB:inst2|lpm_counter0:inst|lpm_counter:lpm_counter_component|cntr_39j:auto_generated|counter_reg_bit1a[3] ; |comands|CB:inst2|lpm_counter0:inst|lpm_counter:lpm_counter_component|cntr_39j:auto_generated|safe_q[3]               ; regout           ;
; |comands|CB:inst2|lpm_counter0:inst|lpm_counter:lpm_counter_component|cntr_39j:auto_generated|counter_reg_bit1a[2] ; |comands|CB:inst2|lpm_counter0:inst|lpm_counter:lpm_counter_component|cntr_39j:auto_generated|safe_q[2]               ; regout           ;
; |comands|CB:inst2|lpm_dff4:inst8|lpm_ff:lpm_ff_component|dffs[9]                                                   ; |comands|CB:inst2|lpm_dff4:inst8|lpm_ff:lpm_ff_component|dffs[9]                                                      ; regout           ;
; |comands|CB:inst2|lpm_dff4:inst8|lpm_ff:lpm_ff_component|dffs[8]                                                   ; |comands|CB:inst2|lpm_dff4:inst8|lpm_ff:lpm_ff_component|dffs[8]                                                      ; regout           ;
; |comands|CB:inst2|lpm_dff4:inst8|lpm_ff:lpm_ff_component|dffs[4]                                                   ; |comands|CB:inst2|lpm_dff4:inst8|lpm_ff:lpm_ff_component|dffs[4]                                                      ; regout           ;
; |comands|CB:inst2|lpm_dff4:inst8|lpm_ff:lpm_ff_component|dffs[3]                                                   ; |comands|CB:inst2|lpm_dff4:inst8|lpm_ff:lpm_ff_component|dffs[3]                                                      ; regout           ;
; |comands|CB:inst2|lpm_dff4:inst8|lpm_ff:lpm_ff_component|dffs[1]                                                   ; |comands|CB:inst2|lpm_dff4:inst8|lpm_ff:lpm_ff_component|dffs[1]                                                      ; regout           ;
; |comands|CB:inst2|lpm_dff4:inst10|lpm_ff:lpm_ff_component|dffs[9]                                                  ; |comands|CB:inst2|lpm_dff4:inst10|lpm_ff:lpm_ff_component|dffs[9]                                                     ; regout           ;
; |comands|CB:inst2|lpm_dff4:inst10|lpm_ff:lpm_ff_component|dffs[8]                                                  ; |comands|CB:inst2|lpm_dff4:inst10|lpm_ff:lpm_ff_component|dffs[8]                                                     ; regout           ;
; |comands|CB:inst2|lpm_dff4:inst10|lpm_ff:lpm_ff_component|dffs[7]                                                  ; |comands|CB:inst2|lpm_dff4:inst10|lpm_ff:lpm_ff_component|dffs[7]                                                     ; regout           ;
; |comands|CB:inst2|lpm_dff4:inst10|lpm_ff:lpm_ff_component|dffs[6]                                                  ; |comands|CB:inst2|lpm_dff4:inst10|lpm_ff:lpm_ff_component|dffs[6]                                                     ; regout           ;
; |comands|CB:inst2|lpm_dff4:inst10|lpm_ff:lpm_ff_component|dffs[5]                                                  ; |comands|CB:inst2|lpm_dff4:inst10|lpm_ff:lpm_ff_component|dffs[5]                                                     ; regout           ;
; |comands|CB:inst2|lpm_dff4:inst10|lpm_ff:lpm_ff_component|dffs[4]                                                  ; |comands|CB:inst2|lpm_dff4:inst10|lpm_ff:lpm_ff_component|dffs[4]                                                     ; regout           ;
; |comands|CB:inst2|lpm_dff4:inst10|lpm_ff:lpm_ff_component|dffs[3]                                                  ; |comands|CB:inst2|lpm_dff4:inst10|lpm_ff:lpm_ff_component|dffs[3]                                                     ; regout           ;
; |comands|CB:inst2|lpm_dff4:inst10|lpm_ff:lpm_ff_component|dffs[2]                                                  ; |comands|CB:inst2|lpm_dff4:inst10|lpm_ff:lpm_ff_component|dffs[2]                                                     ; regout           ;
; |comands|CB:inst2|lpm_dff4:inst10|lpm_ff:lpm_ff_component|dffs[1]                                                  ; |comands|CB:inst2|lpm_dff4:inst10|lpm_ff:lpm_ff_component|dffs[1]                                                     ; regout           ;
+--------------------------------------------------------------------------------------------------------------------+-----------------------------------------------------------------------------------------------------------------------+------------------+


+---------------------+
; Simulator INI Usage ;
+--------+------------+
; Option ; Usage      ;
+--------+------------+


+--------------------+
; Simulator Messages ;
+--------------------+
Info: *******************************************************************
Info: Running Quartus II Simulator
    Info: Version 9.1 Build 222 10/21/2009 SJ Web Edition
    Info: Processing started: Tue Nov 11 10:52:10 2025
Info: Command: quartus_sim --read_settings_files=on --write_settings_files=off Comands -c Comands
Warning: Tcl Script File lpm_decode0.qip not found
    Info: set_global_assignment -name QIP_FILE lpm_decode0.qip
Info: Using vector source file "D:/5 sem/CMSaFO/Comands/Comands.vwf"
Info: Overwriting simulation input file with simulation results
    Info: A backup of Comands.vwf called Comands.sim_ori.vwf has been created in the db folder
Info: Option to preserve fewer signal transitions to reduce memory requirements is enabled
    Info: Simulation has been partitioned into sub-simulations according to the maximum transition count determined by the engine. Transitions from memory will be flushed out to disk at the end of each sub-simulation to reduce memory requirements.
Info: Simulation partitioned into 1 sub-simulations
Info: Simulation coverage is      62.55 %
Info: Number of transitions in simulation is 3569
Info: Vector file Comands.vwf is saved in VWF text format. You can compress it into CVWF format in order to reduce file size. For more details please refer to the Quartus II Help.
Info: Quartus II Simulator was successful. 0 errors, 1 warning
    Info: Peak virtual memory: 148 megabytes
    Info: Processing ended: Tue Nov 11 10:52:10 2025
    Info: Elapsed time: 00:00:00
    Info: Total CPU time (on all processors): 00:00:01


