Analysis & Synthesis report for Comands
Thu Dec 04 12:09:50 2025
Quartus II Version 9.1 Build 222 10/21/2009 SJ Web Edition


---------------------
; Table of Contents ;
---------------------
  1. Legal Notice
  2. Analysis & Synthesis Summary
  3. Analysis & Synthesis Settings
  4. Parallel Compilation
  5. Source assignments for lpm_counter1:inst15|lpm_counter:lpm_counter_component
  6. Source assignments for lpm_counter0:inst|lpm_counter:lpm_counter_component
  7. Parameter Settings for User Entity Instance: lpm_decode2:inst2|lpm_decode:lpm_decode_component
  8. Parameter Settings for User Entity Instance: lpm_decode1:inst13|lpm_decode:lpm_decode_component
  9. Parameter Settings for User Entity Instance: lpm_counter1:inst15|lpm_counter:lpm_counter_component
 10. Parameter Settings for User Entity Instance: lpm_dff4:inst10|lpm_ff:lpm_ff_component
 11. Parameter Settings for User Entity Instance: lpm_bustri1:inst4|lpm_bustri:lpm_bustri_component
 12. Parameter Settings for User Entity Instance: lpm_dff4:inst9|lpm_ff:lpm_ff_component
 13. Parameter Settings for User Entity Instance: lpm_dff4:inst8|lpm_ff:lpm_ff_component
 14. Parameter Settings for User Entity Instance: lpm_bustri0:inst14|lpm_bustri:lpm_bustri_component
 15. Parameter Settings for User Entity Instance: lpm_counter0:inst|lpm_counter:lpm_counter_component
 16. Parameter Settings for User Entity Instance: lpm_bustri0:inst16|lpm_bustri:lpm_bustri_component
 17. Parameter Settings for User Entity Instance: lpm_bustri2:inst3|lpm_bustri:lpm_bustri_component
 18. Analysis & Synthesis Messages



----------------
; Legal Notice ;
----------------
Copyright (C) 1991-2009 Altera Corporation
Your use of Altera Corporation's design tools, logic functions 
and other software and tools, and its AMPP partner logic 
functions, and any output files from any of the foregoing 
(including device programming or simulation files), and any 
associated documentation or information are expressly subject 
to the terms and conditions of the Altera Program License 
Subscription Agreement, Altera MegaCore Function License 
Agreement, or other applicable license agreement, including, 
without limitation, that your use is for the sole purpose of 
programming logic devices manufactured by Altera and sold by 
Altera or its authorized distributors.  Please refer to the 
applicable agreement for further details.



+-------------------------------------------------------------------------+
; Analysis & Synthesis Summary                                            ;
+-------------------------------+-----------------------------------------+
; Analysis & Synthesis Status   ; Failed - Thu Dec 04 12:09:50 2025       ;
; Quartus II Version            ; 9.1 Build 222 10/21/2009 SJ Web Edition ;
; Revision Name                 ; Comands                                 ;
; Top-level Entity Name         ; CB                                      ;
; Family                        ; Stratix II                              ;
; Logic utilization             ; N/A until Partition Merge               ;
;     Combinational ALUTs       ; N/A until Partition Merge               ;
;     Dedicated logic registers ; N/A until Partition Merge               ;
; Total registers               ; N/A until Partition Merge               ;
; Total pins                    ; N/A until Partition Merge               ;
; Total virtual pins            ; N/A until Partition Merge               ;
; Total block memory bits       ; N/A until Partition Merge               ;
; DSP block 9-bit elements      ; N/A until Partition Merge               ;
; Total PLLs                    ; N/A until Partition Merge               ;
; Total DLLs                    ; N/A until Partition Merge               ;
+-------------------------------+-----------------------------------------+


+----------------------------------------------------------------------------------------------------------------------+
; Analysis & Synthesis Settings                                                                                        ;
+----------------------------------------------------------------------------+--------------------+--------------------+
; Option                                                                     ; Setting            ; Default Value      ;
+----------------------------------------------------------------------------+--------------------+--------------------+
; Top-level entity name                                                      ; CB                 ; Comands            ;
; Family name                                                                ; Stratix II         ; Stratix II         ;
; Use Generated Physical Constraints File                                    ; Off                ;                    ;
; Use smart compilation                                                      ; Off                ; Off                ;
; Enable parallel Assembler and TimeQuest Timing Analyzer during compilation ; On                 ; On                 ;
; Enable compact report table                                                ; Off                ; Off                ;
; Restructure Multiplexers                                                   ; Auto               ; Auto               ;
; Create Debugging Nodes for IP Cores                                        ; Off                ; Off                ;
; Preserve fewer node names                                                  ; On                 ; On                 ;
; Disable OpenCore Plus hardware evaluation                                  ; Off                ; Off                ;
; Verilog Version                                                            ; Verilog_2001       ; Verilog_2001       ;
; VHDL Version                                                               ; VHDL_1993          ; VHDL_1993          ;
; State Machine Processing                                                   ; Auto               ; Auto               ;
; Safe State Machine                                                         ; Off                ; Off                ;
; Extract Verilog State Machines                                             ; On                 ; On                 ;
; Extract VHDL State Machines                                                ; On                 ; On                 ;
; Ignore Verilog initial constructs                                          ; Off                ; Off                ;
; Iteration limit for constant Verilog loops                                 ; 5000               ; 5000               ;
; Iteration limit for non-constant Verilog loops                             ; 250                ; 250                ;
; Add Pass-Through Logic to Inferred RAMs                                    ; On                 ; On                 ;
; Parallel Synthesis                                                         ; On                 ; On                 ;
; DSP Block Balancing                                                        ; Auto               ; Auto               ;
; NOT Gate Push-Back                                                         ; On                 ; On                 ;
; Power-Up Don't Care                                                        ; On                 ; On                 ;
; Remove Redundant Logic Cells                                               ; Off                ; Off                ;
; Remove Duplicate Registers                                                 ; On                 ; On                 ;
; Ignore CARRY Buffers                                                       ; Off                ; Off                ;
; Ignore CASCADE Buffers                                                     ; Off                ; Off                ;
; Ignore GLOBAL Buffers                                                      ; Off                ; Off                ;
; Ignore ROW GLOBAL Buffers                                                  ; Off                ; Off                ;
; Ignore LCELL Buffers                                                       ; Off                ; Off                ;
; Ignore SOFT Buffers                                                        ; On                 ; On                 ;
; Limit AHDL Integers to 32 Bits                                             ; Off                ; Off                ;
; Optimization Technique                                                     ; Balanced           ; Balanced           ;
; Carry Chain Length                                                         ; 70                 ; 70                 ;
; Auto Carry Chains                                                          ; On                 ; On                 ;
; Auto Open-Drain Pins                                                       ; On                 ; On                 ;
; Perform WYSIWYG Primitive Resynthesis                                      ; Off                ; Off                ;
; Auto ROM Replacement                                                       ; On                 ; On                 ;
; Auto RAM Replacement                                                       ; On                 ; On                 ;
; Auto DSP Block Replacement                                                 ; On                 ; On                 ;
; Auto Shift Register Replacement                                            ; Auto               ; Auto               ;
; Auto Clock Enable Replacement                                              ; On                 ; On                 ;
; Strict RAM Replacement                                                     ; Off                ; Off                ;
; Allow Synchronous Control Signals                                          ; On                 ; On                 ;
; Force Use of Synchronous Clear Signals                                     ; Off                ; Off                ;
; Auto RAM Block Balancing                                                   ; On                 ; On                 ;
; Auto RAM to Logic Cell Conversion                                          ; Off                ; Off                ;
; Auto Resource Sharing                                                      ; Off                ; Off                ;
; Allow Any RAM Size For Recognition                                         ; Off                ; Off                ;
; Allow Any ROM Size For Recognition                                         ; Off                ; Off                ;
; Allow Any Shift Register Size For Recognition                              ; Off                ; Off                ;
; Use LogicLock Constraints during Resource Balancing                        ; On                 ; On                 ;
; Ignore translate_off and synthesis_off directives                          ; Off                ; Off                ;
; Timing-Driven Synthesis                                                    ; Off                ; Off                ;
; Show Parameter Settings Tables in Synthesis Report                         ; On                 ; On                 ;
; Ignore Maximum Fan-Out Assignments                                         ; Off                ; Off                ;
; Synchronization Register Chain Length                                      ; 2                  ; 2                  ;
; PowerPlay Power Optimization                                               ; Normal compilation ; Normal compilation ;
; HDL message level                                                          ; Level2             ; Level2             ;
; Suppress Register Optimization Related Messages                            ; Off                ; Off                ;
; Number of Removed Registers Reported in Synthesis Report                   ; 100                ; 100                ;
; Number of Inverted Registers Reported in Synthesis Report                  ; 100                ; 100                ;
; Clock MUX Protection                                                       ; On                 ; On                 ;
; Auto Gated Clock Conversion                                                ; Off                ; Off                ;
; Block Design Naming                                                        ; Auto               ; Auto               ;
; SDC constraint protection                                                  ; Off                ; Off                ;
; Synthesis Effort                                                           ; Auto               ; Auto               ;
; Shift Register Replacement - Allow Asynchronous Clear Signal               ; On                 ; On                 ;
; Analysis & Synthesis Message Level                                         ; Medium             ; Medium             ;
; Disable Register Merging Across Hierarchies                                ; Auto               ; Auto               ;
; Resource Aware Inference For Block RAM                                     ; On                 ; On                 ;
+----------------------------------------------------------------------------+--------------------+--------------------+


Parallel compilation was disabled, but you have multiple processors available. Enable parallel compilation to reduce compilation time.
+-------------------------------------+
; Parallel Compilation                ;
+----------------------------+--------+
; Processors                 ; Number ;
+----------------------------+--------+
; Number detected on machine ; 12     ;
; Maximum allowed            ; 1      ;
+----------------------------+--------+


+------------------------------------------------------------------------------+
; Source assignments for lpm_counter1:inst15|lpm_counter:lpm_counter_component ;
+---------------------------+-------+------+-----------------------------------+
; Assignment                ; Value ; From ; To                                ;
+---------------------------+-------+------+-----------------------------------+
; SUPPRESS_DA_RULE_INTERNAL ; a101  ; -    ; -                                 ;
; SUPPRESS_DA_RULE_INTERNAL ; s102  ; -    ; -                                 ;
; SUPPRESS_DA_RULE_INTERNAL ; s103  ; -    ; -                                 ;
+---------------------------+-------+------+-----------------------------------+


+----------------------------------------------------------------------------+
; Source assignments for lpm_counter0:inst|lpm_counter:lpm_counter_component ;
+---------------------------+-------+------+---------------------------------+
; Assignment                ; Value ; From ; To                              ;
+---------------------------+-------+------+---------------------------------+
; SUPPRESS_DA_RULE_INTERNAL ; a101  ; -    ; -                               ;
; SUPPRESS_DA_RULE_INTERNAL ; s102  ; -    ; -                               ;
; SUPPRESS_DA_RULE_INTERNAL ; s103  ; -    ; -                               ;
+---------------------------+-------+------+---------------------------------+


+------------------------------------------------------------------------------------------------+
; Parameter Settings for User Entity Instance: lpm_decode2:inst2|lpm_decode:lpm_decode_component ;
+------------------------+------------+----------------------------------------------------------+
; Parameter Name         ; Value      ; Type                                                     ;
+------------------------+------------+----------------------------------------------------------+
; LPM_WIDTH              ; 4          ; Signed Integer                                           ;
; LPM_DECODES            ; 16         ; Signed Integer                                           ;
; LPM_PIPELINE           ; 0          ; Untyped                                                  ;
; CASCADE_CHAIN          ; MANUAL     ; Untyped                                                  ;
; DEVICE_FAMILY          ; Stratix II ; Untyped                                                  ;
; CBXI_PARAMETER         ; decode_ltf ; Untyped                                                  ;
; AUTO_CARRY_CHAINS      ; ON         ; AUTO_CARRY                                               ;
; IGNORE_CARRY_BUFFERS   ; OFF        ; IGNORE_CARRY                                             ;
; AUTO_CASCADE_CHAINS    ; ON         ; AUTO_CASCADE                                             ;
; IGNORE_CASCADE_BUFFERS ; OFF        ; IGNORE_CASCADE                                           ;
+------------------------+------------+----------------------------------------------------------+
Note: In order to hide this table in the UI and the text report file, please set the "Show Parameter Settings Tables in Synthesis Report" option in "Analysis and Synthesis Settings -> More Settings" to "Off".


+-------------------------------------------------------------------------------------------------+
; Parameter Settings for User Entity Instance: lpm_decode1:inst13|lpm_decode:lpm_decode_component ;
+------------------------+------------+-----------------------------------------------------------+
; Parameter Name         ; Value      ; Type                                                      ;
+------------------------+------------+-----------------------------------------------------------+
; LPM_WIDTH              ; 4          ; Signed Integer                                            ;
; LPM_DECODES            ; 16         ; Signed Integer                                            ;
; LPM_PIPELINE           ; 0          ; Untyped                                                   ;
; CASCADE_CHAIN          ; MANUAL     ; Untyped                                                   ;
; DEVICE_FAMILY          ; Stratix II ; Untyped                                                   ;
; CBXI_PARAMETER         ; decode_e9f ; Untyped                                                   ;
; AUTO_CARRY_CHAINS      ; ON         ; AUTO_CARRY                                                ;
; IGNORE_CARRY_BUFFERS   ; OFF        ; IGNORE_CARRY                                              ;
; AUTO_CASCADE_CHAINS    ; ON         ; AUTO_CASCADE                                              ;
; IGNORE_CASCADE_BUFFERS ; OFF        ; IGNORE_CASCADE                                            ;
+------------------------+------------+-----------------------------------------------------------+
Note: In order to hide this table in the UI and the text report file, please set the "Show Parameter Settings Tables in Synthesis Report" option in "Analysis and Synthesis Settings -> More Settings" to "Off".


+----------------------------------------------------------------------------------------------------+
; Parameter Settings for User Entity Instance: lpm_counter1:inst15|lpm_counter:lpm_counter_component ;
+------------------------+-------------+-------------------------------------------------------------+
; Parameter Name         ; Value       ; Type                                                        ;
+------------------------+-------------+-------------------------------------------------------------+
; AUTO_CARRY_CHAINS      ; ON          ; AUTO_CARRY                                                  ;
; IGNORE_CARRY_BUFFERS   ; OFF         ; IGNORE_CARRY                                                ;
; AUTO_CASCADE_CHAINS    ; ON          ; AUTO_CASCADE                                                ;
; IGNORE_CASCADE_BUFFERS ; OFF         ; IGNORE_CASCADE                                              ;
; LPM_WIDTH              ; 4           ; Signed Integer                                              ;
; LPM_DIRECTION          ; UP          ; Untyped                                                     ;
; LPM_MODULUS            ; 0           ; Untyped                                                     ;
; LPM_AVALUE             ; UNUSED      ; Untyped                                                     ;
; LPM_SVALUE             ; UNUSED      ; Untyped                                                     ;
; LPM_PORT_UPDOWN        ; PORT_UNUSED ; Untyped                                                     ;
; DEVICE_FAMILY          ; Stratix II  ; Untyped                                                     ;
; CARRY_CHAIN            ; MANUAL      ; Untyped                                                     ;
; CARRY_CHAIN_LENGTH     ; 48          ; CARRY_CHAIN_LENGTH                                          ;
; NOT_GATE_PUSH_BACK     ; ON          ; NOT_GATE_PUSH_BACK                                          ;
; CARRY_CNT_EN           ; SMART       ; Untyped                                                     ;
; LABWIDE_SCLR           ; ON          ; Untyped                                                     ;
; USE_NEW_VERSION        ; TRUE        ; Untyped                                                     ;
; CBXI_PARAMETER         ; cntr_s3i    ; Untyped                                                     ;
+------------------------+-------------+-------------------------------------------------------------+
Note: In order to hide this table in the UI and the text report file, please set the "Show Parameter Settings Tables in Synthesis Report" option in "Analysis and Synthesis Settings -> More Settings" to "Off".


+--------------------------------------------------------------------------------------+
; Parameter Settings for User Entity Instance: lpm_dff4:inst10|lpm_ff:lpm_ff_component ;
+------------------------+------------+------------------------------------------------+
; Parameter Name         ; Value      ; Type                                           ;
+------------------------+------------+------------------------------------------------+
; LPM_WIDTH              ; 10         ; Signed Integer                                 ;
; LPM_AVALUE             ; UNUSED     ; Untyped                                        ;
; LPM_SVALUE             ; UNUSED     ; Untyped                                        ;
; LPM_FFTYPE             ; DFF        ; Untyped                                        ;
; DEVICE_FAMILY          ; Stratix II ; Untyped                                        ;
; CBXI_PARAMETER         ; NOTHING    ; Untyped                                        ;
; AUTO_CARRY_CHAINS      ; ON         ; AUTO_CARRY                                     ;
; IGNORE_CARRY_BUFFERS   ; OFF        ; IGNORE_CARRY                                   ;
; AUTO_CASCADE_CHAINS    ; ON         ; AUTO_CASCADE                                   ;
; IGNORE_CASCADE_BUFFERS ; OFF        ; IGNORE_CASCADE                                 ;
+------------------------+------------+------------------------------------------------+
Note: In order to hide this table in the UI and the text report file, please set the "Show Parameter Settings Tables in Synthesis Report" option in "Analysis and Synthesis Settings -> More Settings" to "Off".


+------------------------------------------------------------------------------------------------+
; Parameter Settings for User Entity Instance: lpm_bustri1:inst4|lpm_bustri:lpm_bustri_component ;
+----------------+-------+-----------------------------------------------------------------------+
; Parameter Name ; Value ; Type                                                                  ;
+----------------+-------+-----------------------------------------------------------------------+
; LPM_WIDTH      ; 10    ; Signed Integer                                                        ;
+----------------+-------+-----------------------------------------------------------------------+
Note: In order to hide this table in the UI and the text report file, please set the "Show Parameter Settings Tables in Synthesis Report" option in "Analysis and Synthesis Settings -> More Settings" to "Off".


+-------------------------------------------------------------------------------------+
; Parameter Settings for User Entity Instance: lpm_dff4:inst9|lpm_ff:lpm_ff_component ;
+------------------------+------------+-----------------------------------------------+
; Parameter Name         ; Value      ; Type                                          ;
+------------------------+------------+-----------------------------------------------+
; LPM_WIDTH              ; 10         ; Signed Integer                                ;
; LPM_AVALUE             ; UNUSED     ; Untyped                                       ;
; LPM_SVALUE             ; UNUSED     ; Untyped                                       ;
; LPM_FFTYPE             ; DFF        ; Untyped                                       ;
; DEVICE_FAMILY          ; Stratix II ; Untyped                                       ;
; CBXI_PARAMETER         ; NOTHING    ; Untyped                                       ;
; AUTO_CARRY_CHAINS      ; ON         ; AUTO_CARRY                                    ;
; IGNORE_CARRY_BUFFERS   ; OFF        ; IGNORE_CARRY                                  ;
; AUTO_CASCADE_CHAINS    ; ON         ; AUTO_CASCADE                                  ;
; IGNORE_CASCADE_BUFFERS ; OFF        ; IGNORE_CASCADE                                ;
+------------------------+------------+-----------------------------------------------+
Note: In order to hide this table in the UI and the text report file, please set the "Show Parameter Settings Tables in Synthesis Report" option in "Analysis and Synthesis Settings -> More Settings" to "Off".


+-------------------------------------------------------------------------------------+
; Parameter Settings for User Entity Instance: lpm_dff4:inst8|lpm_ff:lpm_ff_component ;
+------------------------+------------+-----------------------------------------------+
; Parameter Name         ; Value      ; Type                                          ;
+------------------------+------------+-----------------------------------------------+
; LPM_WIDTH              ; 10         ; Signed Integer                                ;
; LPM_AVALUE             ; UNUSED     ; Untyped                                       ;
; LPM_SVALUE             ; UNUSED     ; Untyped                                       ;
; LPM_FFTYPE             ; DFF        ; Untyped                                       ;
; DEVICE_FAMILY          ; Stratix II ; Untyped                                       ;
; CBXI_PARAMETER         ; NOTHING    ; Untyped                                       ;
; AUTO_CARRY_CHAINS      ; ON         ; AUTO_CARRY                                    ;
; IGNORE_CARRY_BUFFERS   ; OFF        ; IGNORE_CARRY                                  ;
; AUTO_CASCADE_CHAINS    ; ON         ; AUTO_CASCADE                                  ;
; IGNORE_CASCADE_BUFFERS ; OFF        ; IGNORE_CASCADE                                ;
+------------------------+------------+-----------------------------------------------+
Note: In order to hide this table in the UI and the text report file, please set the "Show Parameter Settings Tables in Synthesis Report" option in "Analysis and Synthesis Settings -> More Settings" to "Off".


+-------------------------------------------------------------------------------------------------+
; Parameter Settings for User Entity Instance: lpm_bustri0:inst14|lpm_bustri:lpm_bustri_component ;
+----------------+-------+------------------------------------------------------------------------+
; Parameter Name ; Value ; Type                                                                   ;
+----------------+-------+------------------------------------------------------------------------+
; LPM_WIDTH      ; 6     ; Signed Integer                                                         ;
+----------------+-------+------------------------------------------------------------------------+
Note: In order to hide this table in the UI and the text report file, please set the "Show Parameter Settings Tables in Synthesis Report" option in "Analysis and Synthesis Settings -> More Settings" to "Off".


+--------------------------------------------------------------------------------------------------+
; Parameter Settings for User Entity Instance: lpm_counter0:inst|lpm_counter:lpm_counter_component ;
+------------------------+-------------+-----------------------------------------------------------+
; Parameter Name         ; Value       ; Type                                                      ;
+------------------------+-------------+-----------------------------------------------------------+
; AUTO_CARRY_CHAINS      ; ON          ; AUTO_CARRY                                                ;
; IGNORE_CARRY_BUFFERS   ; OFF         ; IGNORE_CARRY                                              ;
; AUTO_CASCADE_CHAINS    ; ON          ; AUTO_CASCADE                                              ;
; IGNORE_CASCADE_BUFFERS ; OFF         ; IGNORE_CASCADE                                            ;
; LPM_WIDTH              ; 6           ; Signed Integer                                            ;
; LPM_DIRECTION          ; UP          ; Untyped                                                   ;
; LPM_MODULUS            ; 0           ; Untyped                                                   ;
; LPM_AVALUE             ; UNUSED      ; Untyped                                                   ;
; LPM_SVALUE             ; UNUSED      ; Untyped                                                   ;
; LPM_PORT_UPDOWN        ; PORT_UNUSED ; Untyped                                                   ;
; DEVICE_FAMILY          ; Stratix II  ; Untyped                                                   ;
; CARRY_CHAIN            ; MANUAL      ; Untyped                                                   ;
; CARRY_CHAIN_LENGTH     ; 48          ; CARRY_CHAIN_LENGTH                                        ;
; NOT_GATE_PUSH_BACK     ; ON          ; NOT_GATE_PUSH_BACK                                        ;
; CARRY_CNT_EN           ; SMART       ; Untyped                                                   ;
; LABWIDE_SCLR           ; ON          ; Untyped                                                   ;
; USE_NEW_VERSION        ; TRUE        ; Untyped                                                   ;
; CBXI_PARAMETER         ; cntr_39j    ; Untyped                                                   ;
+------------------------+-------------+-----------------------------------------------------------+
Note: In order to hide this table in the UI and the text report file, please set the "Show Parameter Settings Tables in Synthesis Report" option in "Analysis and Synthesis Settings -> More Settings" to "Off".


+-------------------------------------------------------------------------------------------------+
; Parameter Settings for User Entity Instance: lpm_bustri0:inst16|lpm_bustri:lpm_bustri_component ;
+----------------+-------+------------------------------------------------------------------------+
; Parameter Name ; Value ; Type                                                                   ;
+----------------+-------+------------------------------------------------------------------------+
; LPM_WIDTH      ; 6     ; Signed Integer                                                         ;
+----------------+-------+------------------------------------------------------------------------+
Note: In order to hide this table in the UI and the text report file, please set the "Show Parameter Settings Tables in Synthesis Report" option in "Analysis and Synthesis Settings -> More Settings" to "Off".


+------------------------------------------------------------------------------------------------+
; Parameter Settings for User Entity Instance: lpm_bustri2:inst3|lpm_bustri:lpm_bustri_component ;
+----------------+-------+-----------------------------------------------------------------------+
; Parameter Name ; Value ; Type                                                                  ;
+----------------+-------+-----------------------------------------------------------------------+
; LPM_WIDTH      ; 3     ; Signed Integer                                                        ;
+----------------+-------+-----------------------------------------------------------------------+
Note: In order to hide this table in the UI and the text report file, please set the "Show Parameter Settings Tables in Synthesis Report" option in "Analysis and Synthesis Settings -> More Settings" to "Off".


+-------------------------------+
; Analysis & Synthesis Messages ;
+-------------------------------+
Info: *******************************************************************
Info: Running Quartus II Analysis & Synthesis
    Info: Version 9.1 Build 222 10/21/2009 SJ Web Edition
    Info: Processing started: Thu Dec 04 12:09:46 2025
Info: Command: quartus_map --read_settings_files=on --write_settings_files=off Comands -c Comands
Warning: Tcl Script File lpm_decode0.qip not found
    Info: set_global_assignment -name QIP_FILE lpm_decode0.qip
Warning: Tcl Script File ../frequency_divider/lpm_decode0.qip not found
    Info: set_global_assignment -name QIP_FILE ../frequency_divider/lpm_decode0.qip
Info: Found 1 design units, including 1 entities, in source file lpm_rom0.v
    Info: Found entity 1: lpm_rom0
Info: Found 1 design units, including 1 entities, in source file lpm_ram_dq0.v
    Info: Found entity 1: lpm_ram_dq0
Info: Found 1 design units, including 1 entities, in source file lpm_dff0.v
    Info: Found entity 1: lpm_dff0
Info: Found 1 design units, including 1 entities, in source file gpr.bdf
    Info: Found entity 1: GPR
Info: Found 1 design units, including 1 entities, in source file lpm_dff1.v
    Info: Found entity 1: lpm_dff1
Info: Found 1 design units, including 1 entities, in source file lpm_dff2.v
    Info: Found entity 1: lpm_dff2
Info: Found 1 design units, including 1 entities, in source file lpm_dff3.v
    Info: Found entity 1: lpm_dff3
Info: Found 1 design units, including 1 entities, in source file lpm_counter0.v
    Info: Found entity 1: lpm_counter0
Info: Found 1 design units, including 1 entities, in source file lpm_bustri0.v
    Info: Found entity 1: lpm_bustri0
Info: Found 1 design units, including 1 entities, in source file cb.bdf
    Info: Found entity 1: CB
Info: Found 1 design units, including 1 entities, in source file lpm_mux0.v
    Info: Found entity 1: lpm_mux0
Info: Found 1 design units, including 1 entities, in source file lpm_decode1.v
    Info: Found entity 1: lpm_decode1
Info: Found 1 design units, including 1 entities, in source file lpm_counter1.v
    Info: Found entity 1: lpm_counter1
Info: Found 1 design units, including 1 entities, in source file lpm_decode2.v
    Info: Found entity 1: lpm_decode2
Info: Found 1 design units, including 1 entities, in source file lpm_bustri1.v
    Info: Found entity 1: lpm_bustri1
Info: Found 1 design units, including 1 entities, in source file lpm_bustri2.v
    Info: Found entity 1: lpm_bustri2
Info: Found 1 design units, including 1 entities, in source file lpm_dff4.v
    Info: Found entity 1: lpm_dff4
Info: Found 1 design units, including 1 entities, in source file lpm_dff5.v
    Info: Found entity 1: lpm_dff5
Info: Found 1 design units, including 1 entities, in source file lpm_dff6.v
    Info: Found entity 1: lpm_dff6
Info: Found 1 design units, including 1 entities, in source file lpm_dff7.v
    Info: Found entity 1: lpm_dff7
Info: Found 1 design units, including 1 entities, in source file lpm_dff8.v
    Info: Found entity 1: lpm_dff8
Info: Found 1 design units, including 1 entities, in source file lpm_dff9.v
    Info: Found entity 1: lpm_dff9
Info: Found 1 design units, including 1 entities, in source file lpm_dff10.v
    Info: Found entity 1: lpm_dff10
Info: Found 1 design units, including 1 entities, in source file lpm_constant0.v
    Info: Found entity 1: lpm_constant0
Info: Found 1 design units, including 1 entities, in source file lpm_ff0.v
    Info: Found entity 1: lpm_ff0
Info: Found 1 design units, including 1 entities, in source file lpm_constant1.v
    Info: Found entity 1: lpm_constant1
Info: Found 1 design units, including 1 entities, in source file lpm_mux1.v
    Info: Found entity 1: lpm_mux1
Info: Elaborating entity "CB" for the top level hierarchy
Info: Elaborating entity "lpm_decode2" for hierarchy "lpm_decode2:inst2"
Info: Elaborating entity "lpm_decode" for hierarchy "lpm_decode2:inst2|lpm_decode:lpm_decode_component"
Info: Elaborated megafunction instantiation "lpm_decode2:inst2|lpm_decode:lpm_decode_component"
Info: Instantiated megafunction "lpm_decode2:inst2|lpm_decode:lpm_decode_component" with the following parameter:
    Info: Parameter "lpm_decodes" = "16"
    Info: Parameter "lpm_type" = "LPM_DECODE"
    Info: Parameter "lpm_width" = "4"
Info: Found 1 design units, including 1 entities, in source file db/decode_ltf.tdf
    Info: Found entity 1: decode_ltf
Info: Elaborating entity "decode_ltf" for hierarchy "lpm_decode2:inst2|lpm_decode:lpm_decode_component|decode_ltf:auto_generated"
Info: Elaborating entity "lpm_decode1" for hierarchy "lpm_decode1:inst13"
Info: Elaborating entity "lpm_decode" for hierarchy "lpm_decode1:inst13|lpm_decode:lpm_decode_component"
Info: Elaborated megafunction instantiation "lpm_decode1:inst13|lpm_decode:lpm_decode_component"
Info: Instantiated megafunction "lpm_decode1:inst13|lpm_decode:lpm_decode_component" with the following parameter:
    Info: Parameter "lpm_decodes" = "16"
    Info: Parameter "lpm_type" = "LPM_DECODE"
    Info: Parameter "lpm_width" = "4"
Info: Found 1 design units, including 1 entities, in source file db/decode_e9f.tdf
    Info: Found entity 1: decode_e9f
Info: Elaborating entity "decode_e9f" for hierarchy "lpm_decode1:inst13|lpm_decode:lpm_decode_component|decode_e9f:auto_generated"
Info: Elaborating entity "lpm_counter1" for hierarchy "lpm_counter1:inst15"
Info: Elaborating entity "lpm_counter" for hierarchy "lpm_counter1:inst15|lpm_counter:lpm_counter_component"
Info: Elaborated megafunction instantiation "lpm_counter1:inst15|lpm_counter:lpm_counter_component"
Info: Instantiated megafunction "lpm_counter1:inst15|lpm_counter:lpm_counter_component" with the following parameter:
    Info: Parameter "lpm_direction" = "UP"
    Info: Parameter "lpm_port_updown" = "PORT_UNUSED"
    Info: Parameter "lpm_type" = "LPM_COUNTER"
    Info: Parameter "lpm_width" = "4"
Info: Found 1 design units, including 1 entities, in source file db/cntr_s3i.tdf
    Info: Found entity 1: cntr_s3i
Info: Elaborating entity "cntr_s3i" for hierarchy "lpm_counter1:inst15|lpm_counter:lpm_counter_component|cntr_s3i:auto_generated"
Info: Elaborating entity "lpm_dff4" for hierarchy "lpm_dff4:inst10"
Info: Elaborating entity "lpm_ff" for hierarchy "lpm_dff4:inst10|lpm_ff:lpm_ff_component"
Info: Elaborated megafunction instantiation "lpm_dff4:inst10|lpm_ff:lpm_ff_component"
Info: Instantiated megafunction "lpm_dff4:inst10|lpm_ff:lpm_ff_component" with the following parameter:
    Info: Parameter "lpm_fftype" = "DFF"
    Info: Parameter "lpm_type" = "LPM_FF"
    Info: Parameter "lpm_width" = "10"
Info: Elaborating entity "lpm_bustri1" for hierarchy "lpm_bustri1:inst4"
Info: Elaborating entity "lpm_bustri" for hierarchy "lpm_bustri1:inst4|lpm_bustri:lpm_bustri_component"
Info: Elaborated megafunction instantiation "lpm_bustri1:inst4|lpm_bustri:lpm_bustri_component"
Info: Instantiated megafunction "lpm_bustri1:inst4|lpm_bustri:lpm_bustri_component" with the following parameter:
    Info: Parameter "lpm_type" = "LPM_BUSTRI"
    Info: Parameter "lpm_width" = "10"
Info: Elaborating entity "lpm_bustri0" for hierarchy "lpm_bustri0:inst14"
Info: Elaborating entity "lpm_bustri" for hierarchy "lpm_bustri0:inst14|lpm_bustri:lpm_bustri_component"
Info: Elaborated megafunction instantiation "lpm_bustri0:inst14|lpm_bustri:lpm_bustri_component"
Info: Instantiated megafunction "lpm_bustri0:inst14|lpm_bustri:lpm_bustri_component" with the following parameter:
    Info: Parameter "lpm_type" = "LPM_BUSTRI"
    Info: Parameter "lpm_width" = "6"
Info: Elaborating entity "lpm_counter0" for hierarchy "lpm_counter0:inst"
Info: Elaborating entity "lpm_counter" for hierarchy "lpm_counter0:inst|lpm_counter:lpm_counter_component"
Info: Elaborated megafunction instantiation "lpm_counter0:inst|lpm_counter:lpm_counter_component"
Info: Instantiated megafunction "lpm_counter0:inst|lpm_counter:lpm_counter_component" with the following parameter:
    Info: Parameter "lpm_direction" = "UP"
    Info: Parameter "lpm_port_updown" = "PORT_UNUSED"
    Info: Parameter "lpm_type" = "LPM_COUNTER"
    Info: Parameter "lpm_width" = "6"
Info: Found 1 design units, including 1 entities, in source file db/cntr_39j.tdf
    Info: Found entity 1: cntr_39j
Info: Elaborating entity "cntr_39j" for hierarchy "lpm_counter0:inst|lpm_counter:lpm_counter_component|cntr_39j:auto_generated"
Info: Elaborating entity "lpm_bustri2" for hierarchy "lpm_bustri2:inst3"
Info: Elaborating entity "lpm_bustri" for hierarchy "lpm_bustri2:inst3|lpm_bustri:lpm_bustri_component"
Info: Elaborated megafunction instantiation "lpm_bustri2:inst3|lpm_bustri:lpm_bustri_component"
Info: Instantiated megafunction "lpm_bustri2:inst3|lpm_bustri:lpm_bustri_component" with the following parameter:
    Info: Parameter "lpm_type" = "LPM_BUSTRI"
    Info: Parameter "lpm_width" = "3"
Warning: The following nodes have both tri-state and non-tri-state drivers
    Warning: Inserted always-enabled tri-state buffer between "DBout[9]" and its non-tri-state driver.
    Warning: Inserted always-enabled tri-state buffer between "DBout[8]" and its non-tri-state driver.
    Warning: Inserted always-enabled tri-state buffer between "DBout[7]" and its non-tri-state driver.
    Warning: Inserted always-enabled tri-state buffer between "DBout[6]" and its non-tri-state driver.
    Warning: Inserted always-enabled tri-state buffer between "DBout[5]" and its non-tri-state driver.
    Warning: Inserted always-enabled tri-state buffer between "DBout[4]" and its non-tri-state driver.
    Warning: Inserted always-enabled tri-state buffer between "DBout[3]" and its non-tri-state driver.
    Warning: Inserted always-enabled tri-state buffer between "DBout[2]" and its non-tri-state driver.
    Warning: Inserted always-enabled tri-state buffer between "DBout[1]" and its non-tri-state driver.
    Warning: Inserted always-enabled tri-state buffer between "DBout[0]" and its non-tri-state driver.
Error: The pin "DBout[9]" has multiple drivers due to the non-tri-state driver "DBin[9]"
Error: The pin "DBout[8]" has multiple drivers due to the non-tri-state driver "DBin[8]"
Error: The pin "DBout[7]" has multiple drivers due to the non-tri-state driver "DBin[7]"
Error: The pin "DBout[6]" has multiple drivers due to the non-tri-state driver "DBin[6]"
Error: The pin "DBout[5]" has multiple drivers due to the non-tri-state driver "DBin[5]"
Error: The pin "DBout[4]" has multiple drivers due to the non-tri-state driver "DBin[4]"
Error: The pin "DBout[3]" has multiple drivers due to the non-tri-state driver "DBin[3]"
Error: The pin "DBout[2]" has multiple drivers due to the non-tri-state driver "DBin[2]"
Error: The pin "DBout[1]" has multiple drivers due to the non-tri-state driver "DBin[1]"
Error: The pin "DBout[0]" has multiple drivers due to the non-tri-state driver "DBin[0]"
Error: Quartus II Analysis & Synthesis was unsuccessful. 10 errors, 13 warnings
    Error: Peak virtual memory: 236 megabytes
    Error: Processing ended: Thu Dec 04 12:09:50 2025
    Error: Elapsed time: 00:00:04
    Error: Total CPU time (on all processors): 00:00:01


